.\bin\lencod.bsc
H:\VSDEstimation\SynthDisEstLoss\verification\jm18.0_slice_loss\JM\.\bin\lencod.exe
H:\VSDESTIMATION\SYNTHDISESTLOSS\VERIFICATION\JM18.0_SLICE_LOSS\JM\BIN\LENCOD.BSC
H:\VSDESTIMATION\SYNTHDISESTLOSS\VERIFICATION\JM18.0_SLICE_LOSS\JM\BIN\LENCOD.EXE
H:\VSDESTIMATION\SYNTHDISESTLOSS\VERIFICATION\JM18.0_SLICE_LOSS\JM\LENCOD\DEBUG_WIN32_VC10\ANNEXB.SBR
H:\VSDESTIMATION\SYNTHDISESTLOSS\VERIFICATION\JM18.0_SLICE_LOSS\JM\LENCOD\DEBUG_WIN32_VC10\BIARIENCODE.SBR
H:\VSDESTIMATION\SYNTHDISESTLOSS\VERIFICATION\JM18.0_SLICE_LOSS\JM\LENCOD\DEBUG_WIN32_VC10\BLK_PREDICTION.SBR
H:\VSDESTIMATION\SYNTHDISESTLOSS\VERIFICATION\JM18.0_SLICE_LOSS\JM\LENCOD\DEBUG_WIN32_VC10\BLOCK.SBR
H:\VSDEstimation\SynthDisEstLoss\verification\jm18.0_slice_loss\JM\lencod\Debug_Win32_vc10\BscMake.command.1.tlog
H:\VSDEstimation\SynthDisEstLoss\verification\jm18.0_slice_loss\JM\lencod\Debug_Win32_vc10\bscmake.read.1.tlog
H:\VSDEstimation\SynthDisEstLoss\verification\jm18.0_slice_loss\JM\lencod\Debug_Win32_vc10\bscmake.write.1.tlog
H:\VSDESTIMATION\SYNTHDISESTLOSS\VERIFICATION\JM18.0_SLICE_LOSS\JM\LENCOD\DEBUG_WIN32_VC10\CABAC.SBR
H:\VSDESTIMATION\SYNTHDISESTLOSS\VERIFICATION\JM18.0_SLICE_LOSS\JM\LENCOD\DEBUG_WIN32_VC10\CCONV_YUV2RGB.SBR
H:\VSDEstimation\SynthDisEstLoss\verification\jm18.0_slice_loss\JM\lencod\Debug_Win32_vc10\cl.command.1.tlog
H:\VSDEstimation\SynthDisEstLoss\verification\jm18.0_slice_loss\JM\lencod\Debug_Win32_vc10\CL.read.1.tlog
H:\VSDEstimation\SynthDisEstLoss\verification\jm18.0_slice_loss\JM\lencod\Debug_Win32_vc10\CL.write.1.tlog
H:\VSDESTIMATION\SYNTHDISESTLOSS\VERIFICATION\JM18.0_SLICE_LOSS\JM\LENCOD\DEBUG_WIN32_VC10\CONFIG_COMMON.SBR
H:\VSDESTIMATION\SYNTHDISESTLOSS\VERIFICATION\JM18.0_SLICE_LOSS\JM\LENCOD\DEBUG_WIN32_VC10\CONFIGFILE.SBR
H:\VSDESTIMATION\SYNTHDISESTLOSS\VERIFICATION\JM18.0_SLICE_LOSS\JM\LENCOD\DEBUG_WIN32_VC10\CONFORMANCE.SBR
H:\VSDESTIMATION\SYNTHDISESTLOSS\VERIFICATION\JM18.0_SLICE_LOSS\JM\LENCOD\DEBUG_WIN32_VC10\CONTEXT_INI.SBR
H:\VSDESTIMATION\SYNTHDISESTLOSS\VERIFICATION\JM18.0_SLICE_LOSS\JM\LENCOD\DEBUG_WIN32_VC10\ERRDO.SBR
H:\VSDESTIMATION\SYNTHDISESTLOSS\VERIFICATION\JM18.0_SLICE_LOSS\JM\LENCOD\DEBUG_WIN32_VC10\ERRDO_DIST_MHYP.SBR
H:\VSDESTIMATION\SYNTHDISESTLOSS\VERIFICATION\JM18.0_SLICE_LOSS\JM\LENCOD\DEBUG_WIN32_VC10\EXPLICIT_GOP.SBR
H:\VSDESTIMATION\SYNTHDISESTLOSS\VERIFICATION\JM18.0_SLICE_LOSS\JM\LENCOD\DEBUG_WIN32_VC10\EXPLICIT_SEQ.SBR
H:\VSDESTIMATION\SYNTHDISESTLOSS\VERIFICATION\JM18.0_SLICE_LOSS\JM\LENCOD\DEBUG_WIN32_VC10\FILEHANDLE.SBR
H:\VSDESTIMATION\SYNTHDISESTLOSS\VERIFICATION\JM18.0_SLICE_LOSS\JM\LENCOD\DEBUG_WIN32_VC10\FMO.SBR
H:\VSDESTIMATION\SYNTHDISESTLOSS\VERIFICATION\JM18.0_SLICE_LOSS\JM\LENCOD\DEBUG_WIN32_VC10\HEADER.SBR
H:\VSDESTIMATION\SYNTHDISESTLOSS\VERIFICATION\JM18.0_SLICE_LOSS\JM\LENCOD\DEBUG_WIN32_VC10\IMAGE.SBR
H:\VSDESTIMATION\SYNTHDISESTLOSS\VERIFICATION\JM18.0_SLICE_LOSS\JM\LENCOD\DEBUG_WIN32_VC10\IMAGE_MP.SBR
H:\VSDESTIMATION\SYNTHDISESTLOSS\VERIFICATION\JM18.0_SLICE_LOSS\JM\LENCOD\DEBUG_WIN32_VC10\IMG_CHROMA.SBR
H:\VSDESTIMATION\SYNTHDISESTLOSS\VERIFICATION\JM18.0_SLICE_LOSS\JM\LENCOD\DEBUG_WIN32_VC10\IMG_DIST_MS_SSIM.SBR
H:\VSDESTIMATION\SYNTHDISESTLOSS\VERIFICATION\JM18.0_SLICE_LOSS\JM\LENCOD\DEBUG_WIN32_VC10\IMG_DIST_SNR.SBR
H:\VSDESTIMATION\SYNTHDISESTLOSS\VERIFICATION\JM18.0_SLICE_LOSS\JM\LENCOD\DEBUG_WIN32_VC10\IMG_DIST_SSIM.SBR
H:\VSDESTIMATION\SYNTHDISESTLOSS\VERIFICATION\JM18.0_SLICE_LOSS\JM\LENCOD\DEBUG_WIN32_VC10\IMG_DISTORTION.SBR
H:\VSDESTIMATION\SYNTHDISESTLOSS\VERIFICATION\JM18.0_SLICE_LOSS\JM\LENCOD\DEBUG_WIN32_VC10\IMG_IO.SBR
H:\VSDESTIMATION\SYNTHDISESTLOSS\VERIFICATION\JM18.0_SLICE_LOSS\JM\LENCOD\DEBUG_WIN32_VC10\IMG_LUMA.SBR
H:\VSDESTIMATION\SYNTHDISESTLOSS\VERIFICATION\JM18.0_SLICE_LOSS\JM\LENCOD\DEBUG_WIN32_VC10\IMG_PROCESS.SBR
H:\VSDESTIMATION\SYNTHDISESTLOSS\VERIFICATION\JM18.0_SLICE_LOSS\JM\LENCOD\DEBUG_WIN32_VC10\INPUT.SBR
H:\VSDESTIMATION\SYNTHDISESTLOSS\VERIFICATION\JM18.0_SLICE_LOSS\JM\LENCOD\DEBUG_WIN32_VC10\INTRA_CHROMA.SBR
H:\VSDESTIMATION\SYNTHDISESTLOSS\VERIFICATION\JM18.0_SLICE_LOSS\JM\LENCOD\DEBUG_WIN32_VC10\INTRA16X16.SBR
H:\VSDESTIMATION\SYNTHDISESTLOSS\VERIFICATION\JM18.0_SLICE_LOSS\JM\LENCOD\DEBUG_WIN32_VC10\INTRA4X4.SBR
H:\VSDESTIMATION\SYNTHDISESTLOSS\VERIFICATION\JM18.0_SLICE_LOSS\JM\LENCOD\DEBUG_WIN32_VC10\INTRA8X8.SBR
H:\VSDESTIMATION\SYNTHDISESTLOSS\VERIFICATION\JM18.0_SLICE_LOSS\JM\LENCOD\DEBUG_WIN32_VC10\INTRAREFRESH.SBR
H:\VSDESTIMATION\SYNTHDISESTLOSS\VERIFICATION\JM18.0_SLICE_LOSS\JM\LENCOD\DEBUG_WIN32_VC10\IO_RAW.SBR
H:\VSDESTIMATION\SYNTHDISESTLOSS\VERIFICATION\JM18.0_SLICE_LOSS\JM\LENCOD\DEBUG_WIN32_VC10\IO_TIFF.SBR
H:\VSDESTIMATION\SYNTHDISESTLOSS\VERIFICATION\JM18.0_SLICE_LOSS\JM\LENCOD\DEBUG_WIN32_VC10\LAMBDA.SBR
H:\VSDESTIMATION\SYNTHDISESTLOSS\VERIFICATION\JM18.0_SLICE_LOSS\JM\LENCOD\DEBUG_WIN32_VC10\LEAKY_BUCKET.SBR
H:\VSDEstimation\SynthDisEstLoss\verification\jm18.0_slice_loss\JM\lencod\Debug_Win32_vc10\lencod.exe.embed.manifest
H:\VSDESTIMATION\SYNTHDISESTLOSS\VERIFICATION\JM18.0_SLICE_LOSS\JM\LENCOD\DEBUG_WIN32_VC10\LENCOD.EXE.EMBED.MANIFEST.RES
H:\VSDESTIMATION\SYNTHDISESTLOSS\VERIFICATION\JM18.0_SLICE_LOSS\JM\LENCOD\DEBUG_WIN32_VC10\LENCOD.EXE.INTERMEDIATE.MANIFEST
H:\VSDESTIMATION\SYNTHDISESTLOSS\VERIFICATION\JM18.0_SLICE_LOSS\JM\LENCOD\DEBUG_WIN32_VC10\LENCOD.SBR
H:\VSDEstimation\SynthDisEstLoss\verification\jm18.0_slice_loss\JM\lencod\Debug_Win32_vc10\lencod.write.1.tlog
H:\VSDEstimation\SynthDisEstLoss\verification\jm18.0_slice_loss\JM\lencod\Debug_Win32_vc10\lencod_manifest.rc
H:\VSDEstimation\SynthDisEstLoss\verification\jm18.0_slice_loss\JM\lencod\Debug_Win32_vc10\link.command.1.tlog
H:\VSDEstimation\SynthDisEstLoss\verification\jm18.0_slice_loss\JM\lencod\Debug_Win32_vc10\link.read.1.tlog
H:\VSDEstimation\SynthDisEstLoss\verification\jm18.0_slice_loss\JM\lencod\Debug_Win32_vc10\link.write.1.tlog
H:\VSDESTIMATION\SYNTHDISESTLOSS\VERIFICATION\JM18.0_SLICE_LOSS\JM\LENCOD\DEBUG_WIN32_VC10\LIST_REORDER.SBR
H:\VSDESTIMATION\SYNTHDISESTLOSS\VERIFICATION\JM18.0_SLICE_LOSS\JM\LENCOD\DEBUG_WIN32_VC10\LLN_MC_PREDICTION.SBR
H:\VSDESTIMATION\SYNTHDISESTLOSS\VERIFICATION\JM18.0_SLICE_LOSS\JM\LENCOD\DEBUG_WIN32_VC10\LOOP_FILTER_MBAFF.SBR
H:\VSDESTIMATION\SYNTHDISESTLOSS\VERIFICATION\JM18.0_SLICE_LOSS\JM\LENCOD\DEBUG_WIN32_VC10\LOOP_FILTER_NORMAL.SBR
H:\VSDESTIMATION\SYNTHDISESTLOSS\VERIFICATION\JM18.0_SLICE_LOSS\JM\LENCOD\DEBUG_WIN32_VC10\LOOPFILTER.SBR
H:\VSDESTIMATION\SYNTHDISESTLOSS\VERIFICATION\JM18.0_SLICE_LOSS\JM\LENCOD\DEBUG_WIN32_VC10\MACROBLOCK.SBR
H:\VSDESTIMATION\SYNTHDISESTLOSS\VERIFICATION\JM18.0_SLICE_LOSS\JM\LENCOD\DEBUG_WIN32_VC10\MACROBLOCK_P444.SBR
H:\VSDESTIMATION\SYNTHDISESTLOSS\VERIFICATION\JM18.0_SLICE_LOSS\JM\LENCOD\DEBUG_WIN32_VC10\MB_ACCESS.SBR
H:\VSDESTIMATION\SYNTHDISESTLOSS\VERIFICATION\JM18.0_SLICE_LOSS\JM\LENCOD\DEBUG_WIN32_VC10\MBUFFER.SBR
H:\VSDESTIMATION\SYNTHDISESTLOSS\VERIFICATION\JM18.0_SLICE_LOSS\JM\LENCOD\DEBUG_WIN32_VC10\MC_PREDICTION.SBR
H:\VSDESTIMATION\SYNTHDISESTLOSS\VERIFICATION\JM18.0_SLICE_LOSS\JM\LENCOD\DEBUG_WIN32_VC10\MD_COMMON.SBR
H:\VSDESTIMATION\SYNTHDISESTLOSS\VERIFICATION\JM18.0_SLICE_LOSS\JM\LENCOD\DEBUG_WIN32_VC10\MD_DISTORTION.SBR
H:\VSDESTIMATION\SYNTHDISESTLOSS\VERIFICATION\JM18.0_SLICE_LOSS\JM\LENCOD\DEBUG_WIN32_VC10\MD_HIGH.SBR
H:\VSDESTIMATION\SYNTHDISESTLOSS\VERIFICATION\JM18.0_SLICE_LOSS\JM\LENCOD\DEBUG_WIN32_VC10\MD_HIGHFAST.SBR
H:\VSDESTIMATION\SYNTHDISESTLOSS\VERIFICATION\JM18.0_SLICE_LOSS\JM\LENCOD\DEBUG_WIN32_VC10\MD_HIGHLOSS.SBR
H:\VSDESTIMATION\SYNTHDISESTLOSS\VERIFICATION\JM18.0_SLICE_LOSS\JM\LENCOD\DEBUG_WIN32_VC10\MD_LOW.SBR
H:\VSDESTIMATION\SYNTHDISESTLOSS\VERIFICATION\JM18.0_SLICE_LOSS\JM\LENCOD\DEBUG_WIN32_VC10\ME_DISTORTION.SBR
H:\VSDESTIMATION\SYNTHDISESTLOSS\VERIFICATION\JM18.0_SLICE_LOSS\JM\LENCOD\DEBUG_WIN32_VC10\ME_EPZS.SBR
H:\VSDESTIMATION\SYNTHDISESTLOSS\VERIFICATION\JM18.0_SLICE_LOSS\JM\LENCOD\DEBUG_WIN32_VC10\ME_EPZS_COMMON.SBR
H:\VSDESTIMATION\SYNTHDISESTLOSS\VERIFICATION\JM18.0_SLICE_LOSS\JM\LENCOD\DEBUG_WIN32_VC10\ME_EPZS_INT.SBR
H:\VSDESTIMATION\SYNTHDISESTLOSS\VERIFICATION\JM18.0_SLICE_LOSS\JM\LENCOD\DEBUG_WIN32_VC10\ME_EPZS_SUB.SBR
H:\VSDESTIMATION\SYNTHDISESTLOSS\VERIFICATION\JM18.0_SLICE_LOSS\JM\LENCOD\DEBUG_WIN32_VC10\ME_FULLFAST.SBR
H:\VSDESTIMATION\SYNTHDISESTLOSS\VERIFICATION\JM18.0_SLICE_LOSS\JM\LENCOD\DEBUG_WIN32_VC10\ME_FULLSEARCH.SBR
H:\VSDESTIMATION\SYNTHDISESTLOSS\VERIFICATION\JM18.0_SLICE_LOSS\JM\LENCOD\DEBUG_WIN32_VC10\ME_UMHEX.SBR
H:\VSDESTIMATION\SYNTHDISESTLOSS\VERIFICATION\JM18.0_SLICE_LOSS\JM\LENCOD\DEBUG_WIN32_VC10\ME_UMHEXSMP.SBR
H:\VSDESTIMATION\SYNTHDISESTLOSS\VERIFICATION\JM18.0_SLICE_LOSS\JM\LENCOD\DEBUG_WIN32_VC10\MEMALLOC.SBR
H:\VSDESTIMATION\SYNTHDISESTLOSS\VERIFICATION\JM18.0_SLICE_LOSS\JM\LENCOD\DEBUG_WIN32_VC10\MMCO.SBR
H:\VSDESTIMATION\SYNTHDISESTLOSS\VERIFICATION\JM18.0_SLICE_LOSS\JM\LENCOD\DEBUG_WIN32_VC10\MODE_DECISION.SBR
H:\VSDESTIMATION\SYNTHDISESTLOSS\VERIFICATION\JM18.0_SLICE_LOSS\JM\LENCOD\DEBUG_WIN32_VC10\MODE_DECISION_P8X8.SBR
H:\VSDEstimation\SynthDisEstLoss\verification\jm18.0_slice_loss\JM\lencod\Debug_Win32_vc10\mt.command.1.tlog
H:\VSDEstimation\SynthDisEstLoss\verification\jm18.0_slice_loss\JM\lencod\Debug_Win32_vc10\mt.read.1.tlog
H:\VSDEstimation\SynthDisEstLoss\verification\jm18.0_slice_loss\JM\lencod\Debug_Win32_vc10\mt.write.1.tlog
H:\VSDESTIMATION\SYNTHDISESTLOSS\VERIFICATION\JM18.0_SLICE_LOSS\JM\LENCOD\DEBUG_WIN32_VC10\MV_DIRECT.SBR
H:\VSDESTIMATION\SYNTHDISESTLOSS\VERIFICATION\JM18.0_SLICE_LOSS\JM\LENCOD\DEBUG_WIN32_VC10\MV_PREDICTION.SBR
H:\VSDESTIMATION\SYNTHDISESTLOSS\VERIFICATION\JM18.0_SLICE_LOSS\JM\LENCOD\DEBUG_WIN32_VC10\MV_SEARCH.SBR
H:\VSDESTIMATION\SYNTHDISESTLOSS\VERIFICATION\JM18.0_SLICE_LOSS\JM\LENCOD\DEBUG_WIN32_VC10\NAL.SBR
H:\VSDESTIMATION\SYNTHDISESTLOSS\VERIFICATION\JM18.0_SLICE_LOSS\JM\LENCOD\DEBUG_WIN32_VC10\NALU.SBR
H:\VSDESTIMATION\SYNTHDISESTLOSS\VERIFICATION\JM18.0_SLICE_LOSS\JM\LENCOD\DEBUG_WIN32_VC10\NALUCOMMON.SBR
H:\VSDESTIMATION\SYNTHDISESTLOSS\VERIFICATION\JM18.0_SLICE_LOSS\JM\LENCOD\DEBUG_WIN32_VC10\OUTPUT.SBR
H:\VSDESTIMATION\SYNTHDISESTLOSS\VERIFICATION\JM18.0_SLICE_LOSS\JM\LENCOD\DEBUG_WIN32_VC10\PARSET.SBR
H:\VSDESTIMATION\SYNTHDISESTLOSS\VERIFICATION\JM18.0_SLICE_LOSS\JM\LENCOD\DEBUG_WIN32_VC10\PARSETCOMMON.SBR
H:\VSDESTIMATION\SYNTHDISESTLOSS\VERIFICATION\JM18.0_SLICE_LOSS\JM\LENCOD\DEBUG_WIN32_VC10\PRED_STRUCT.SBR
H:\VSDESTIMATION\SYNTHDISESTLOSS\VERIFICATION\JM18.0_SLICE_LOSS\JM\LENCOD\DEBUG_WIN32_VC10\Q_AROUND.SBR
H:\VSDESTIMATION\SYNTHDISESTLOSS\VERIFICATION\JM18.0_SLICE_LOSS\JM\LENCOD\DEBUG_WIN32_VC10\Q_MATRIX.SBR
H:\VSDESTIMATION\SYNTHDISESTLOSS\VERIFICATION\JM18.0_SLICE_LOSS\JM\LENCOD\DEBUG_WIN32_VC10\Q_OFFSETS.SBR
H:\VSDESTIMATION\SYNTHDISESTLOSS\VERIFICATION\JM18.0_SLICE_LOSS\JM\LENCOD\DEBUG_WIN32_VC10\QUANT4X4.SBR
H:\VSDESTIMATION\SYNTHDISESTLOSS\VERIFICATION\JM18.0_SLICE_LOSS\JM\LENCOD\DEBUG_WIN32_VC10\QUANT4X4_AROUND.SBR
H:\VSDESTIMATION\SYNTHDISESTLOSS\VERIFICATION\JM18.0_SLICE_LOSS\JM\LENCOD\DEBUG_WIN32_VC10\QUANT4X4_NORMAL.SBR
H:\VSDESTIMATION\SYNTHDISESTLOSS\VERIFICATION\JM18.0_SLICE_LOSS\JM\LENCOD\DEBUG_WIN32_VC10\QUANT4X4_TRELLIS.SBR
H:\VSDESTIMATION\SYNTHDISESTLOSS\VERIFICATION\JM18.0_SLICE_LOSS\JM\LENCOD\DEBUG_WIN32_VC10\QUANT8X8.SBR
H:\VSDESTIMATION\SYNTHDISESTLOSS\VERIFICATION\JM18.0_SLICE_LOSS\JM\LENCOD\DEBUG_WIN32_VC10\QUANT8X8_AROUND.SBR
H:\VSDESTIMATION\SYNTHDISESTLOSS\VERIFICATION\JM18.0_SLICE_LOSS\JM\LENCOD\DEBUG_WIN32_VC10\QUANT8X8_NORMAL.SBR
H:\VSDESTIMATION\SYNTHDISESTLOSS\VERIFICATION\JM18.0_SLICE_LOSS\JM\LENCOD\DEBUG_WIN32_VC10\QUANT8X8_TRELLIS.SBR
H:\VSDESTIMATION\SYNTHDISESTLOSS\VERIFICATION\JM18.0_SLICE_LOSS\JM\LENCOD\DEBUG_WIN32_VC10\QUANTCHROMA.SBR
H:\VSDESTIMATION\SYNTHDISESTLOSS\VERIFICATION\JM18.0_SLICE_LOSS\JM\LENCOD\DEBUG_WIN32_VC10\QUANTCHROMA_AROUND.SBR
H:\VSDESTIMATION\SYNTHDISESTLOSS\VERIFICATION\JM18.0_SLICE_LOSS\JM\LENCOD\DEBUG_WIN32_VC10\QUANTCHROMA_NORMAL.SBR
H:\VSDESTIMATION\SYNTHDISESTLOSS\VERIFICATION\JM18.0_SLICE_LOSS\JM\LENCOD\DEBUG_WIN32_VC10\QUANTCHROMA_TRELLIS.SBR
H:\VSDESTIMATION\SYNTHDISESTLOSS\VERIFICATION\JM18.0_SLICE_LOSS\JM\LENCOD\DEBUG_WIN32_VC10\RATECTL.SBR
H:\VSDEstimation\SynthDisEstLoss\verification\jm18.0_slice_loss\JM\lencod\Debug_Win32_vc10\rc.command.1.tlog
H:\VSDEstimation\SynthDisEstLoss\verification\jm18.0_slice_loss\JM\lencod\Debug_Win32_vc10\rc.read.1.tlog
H:\VSDEstimation\SynthDisEstLoss\verification\jm18.0_slice_loss\JM\lencod\Debug_Win32_vc10\rc.write.1.tlog
H:\VSDESTIMATION\SYNTHDISESTLOSS\VERIFICATION\JM18.0_SLICE_LOSS\JM\LENCOD\DEBUG_WIN32_VC10\RC_QUADRATIC.SBR
H:\VSDESTIMATION\SYNTHDISESTLOSS\VERIFICATION\JM18.0_SLICE_LOSS\JM\LENCOD\DEBUG_WIN32_VC10\RD_INTRA_JM.SBR
H:\VSDESTIMATION\SYNTHDISESTLOSS\VERIFICATION\JM18.0_SLICE_LOSS\JM\LENCOD\DEBUG_WIN32_VC10\RD_INTRA_JM_LOW.SBR
H:\VSDESTIMATION\SYNTHDISESTLOSS\VERIFICATION\JM18.0_SLICE_LOSS\JM\LENCOD\DEBUG_WIN32_VC10\RD_INTRA_JM444.SBR
H:\VSDESTIMATION\SYNTHDISESTLOSS\VERIFICATION\JM18.0_SLICE_LOSS\JM\LENCOD\DEBUG_WIN32_VC10\RDOPT.SBR
H:\VSDESTIMATION\SYNTHDISESTLOSS\VERIFICATION\JM18.0_SLICE_LOSS\JM\LENCOD\DEBUG_WIN32_VC10\RDOPT_CODING_STATE.SBR
H:\VSDESTIMATION\SYNTHDISESTLOSS\VERIFICATION\JM18.0_SLICE_LOSS\JM\LENCOD\DEBUG_WIN32_VC10\RDOQ.SBR
H:\VSDESTIMATION\SYNTHDISESTLOSS\VERIFICATION\JM18.0_SLICE_LOSS\JM\LENCOD\DEBUG_WIN32_VC10\RDOQ_CABAC.SBR
H:\VSDESTIMATION\SYNTHDISESTLOSS\VERIFICATION\JM18.0_SLICE_LOSS\JM\LENCOD\DEBUG_WIN32_VC10\RDOQ_CAVLC.SBR
H:\VSDESTIMATION\SYNTHDISESTLOSS\VERIFICATION\JM18.0_SLICE_LOSS\JM\LENCOD\DEBUG_WIN32_VC10\RDPICDECISION.SBR
H:\VSDESTIMATION\SYNTHDISESTLOSS\VERIFICATION\JM18.0_SLICE_LOSS\JM\LENCOD\DEBUG_WIN32_VC10\REPORT.SBR
H:\VSDESTIMATION\SYNTHDISESTLOSS\VERIFICATION\JM18.0_SLICE_LOSS\JM\LENCOD\DEBUG_WIN32_VC10\RTP.SBR
H:\VSDESTIMATION\SYNTHDISESTLOSS\VERIFICATION\JM18.0_SLICE_LOSS\JM\LENCOD\DEBUG_WIN32_VC10\SEI.SBR
H:\VSDESTIMATION\SYNTHDISESTLOSS\VERIFICATION\JM18.0_SLICE_LOSS\JM\LENCOD\DEBUG_WIN32_VC10\SLICE.SBR
H:\VSDESTIMATION\SYNTHDISESTLOSS\VERIFICATION\JM18.0_SLICE_LOSS\JM\LENCOD\DEBUG_WIN32_VC10\SYMBOL.SBR
H:\VSDESTIMATION\SYNTHDISESTLOSS\VERIFICATION\JM18.0_SLICE_LOSS\JM\LENCOD\DEBUG_WIN32_VC10\TRANSFORM.SBR
H:\VSDESTIMATION\SYNTHDISESTLOSS\VERIFICATION\JM18.0_SLICE_LOSS\JM\LENCOD\DEBUG_WIN32_VC10\TRANSFORM8X8.SBR
H:\VSDESTIMATION\SYNTHDISESTLOSS\VERIFICATION\JM18.0_SLICE_LOSS\JM\LENCOD\DEBUG_WIN32_VC10\TRANSFORM8X8_H444.SBR
H:\VSDESTIMATION\SYNTHDISESTLOSS\VERIFICATION\JM18.0_SLICE_LOSS\JM\LENCOD\DEBUG_WIN32_VC10\VLC.SBR
H:\VSDESTIMATION\SYNTHDISESTLOSS\VERIFICATION\JM18.0_SLICE_LOSS\JM\LENCOD\DEBUG_WIN32_VC10\WEIGHTED_PREDICTION.SBR
H:\VSDESTIMATION\SYNTHDISESTLOSS\VERIFICATION\JM18.0_SLICE_LOSS\JM\LENCOD\DEBUG_WIN32_VC10\WIN32.SBR
H:\VSDESTIMATION\SYNTHDISESTLOSS\VERIFICATION\JM18.0_SLICE_LOSS\JM\LENCOD\DEBUG_WIN32_VC10\WP_LMS.SBR
H:\VSDESTIMATION\SYNTHDISESTLOSS\VERIFICATION\JM18.0_SLICE_LOSS\JM\LENCOD\DEBUG_WIN32_VC10\WP_MCITER.SBR
H:\VSDESTIMATION\SYNTHDISESTLOSS\VERIFICATION\JM18.0_SLICE_LOSS\JM\LENCOD\DEBUG_WIN32_VC10\WP_MCPREC.SBR
H:\VSDESTIMATION\SYNTHDISESTLOSS\VERIFICATION\JM18.0_SLICE_LOSS\JM\LENCOD\DEBUG_WIN32_VC9\ANNEXB.OBJ
H:\VSDESTIMATION\SYNTHDISESTLOSS\VERIFICATION\JM18.0_SLICE_LOSS\JM\LENCOD\DEBUG_WIN32_VC9\BIARIENCODE.OBJ
H:\VSDESTIMATION\SYNTHDISESTLOSS\VERIFICATION\JM18.0_SLICE_LOSS\JM\LENCOD\DEBUG_WIN32_VC9\BLK_PREDICTION.OBJ
H:\VSDESTIMATION\SYNTHDISESTLOSS\VERIFICATION\JM18.0_SLICE_LOSS\JM\LENCOD\DEBUG_WIN32_VC9\BLOCK.OBJ
H:\VSDESTIMATION\SYNTHDISESTLOSS\VERIFICATION\JM18.0_SLICE_LOSS\JM\LENCOD\DEBUG_WIN32_VC9\CABAC.OBJ
H:\VSDESTIMATION\SYNTHDISESTLOSS\VERIFICATION\JM18.0_SLICE_LOSS\JM\LENCOD\DEBUG_WIN32_VC9\CCONV_YUV2RGB.OBJ
H:\VSDESTIMATION\SYNTHDISESTLOSS\VERIFICATION\JM18.0_SLICE_LOSS\JM\LENCOD\DEBUG_WIN32_VC9\CONFIG_COMMON.OBJ
H:\VSDESTIMATION\SYNTHDISESTLOSS\VERIFICATION\JM18.0_SLICE_LOSS\JM\LENCOD\DEBUG_WIN32_VC9\CONFIGFILE.OBJ
H:\VSDESTIMATION\SYNTHDISESTLOSS\VERIFICATION\JM18.0_SLICE_LOSS\JM\LENCOD\DEBUG_WIN32_VC9\CONFORMANCE.OBJ
H:\VSDESTIMATION\SYNTHDISESTLOSS\VERIFICATION\JM18.0_SLICE_LOSS\JM\LENCOD\DEBUG_WIN32_VC9\CONTEXT_INI.OBJ
H:\VSDESTIMATION\SYNTHDISESTLOSS\VERIFICATION\JM18.0_SLICE_LOSS\JM\LENCOD\DEBUG_WIN32_VC9\ERRDO.OBJ
H:\VSDESTIMATION\SYNTHDISESTLOSS\VERIFICATION\JM18.0_SLICE_LOSS\JM\LENCOD\DEBUG_WIN32_VC9\ERRDO_DIST_MHYP.OBJ
H:\VSDESTIMATION\SYNTHDISESTLOSS\VERIFICATION\JM18.0_SLICE_LOSS\JM\LENCOD\DEBUG_WIN32_VC9\EXPLICIT_GOP.OBJ
H:\VSDESTIMATION\SYNTHDISESTLOSS\VERIFICATION\JM18.0_SLICE_LOSS\JM\LENCOD\DEBUG_WIN32_VC9\EXPLICIT_SEQ.OBJ
H:\VSDESTIMATION\SYNTHDISESTLOSS\VERIFICATION\JM18.0_SLICE_LOSS\JM\LENCOD\DEBUG_WIN32_VC9\FILEHANDLE.OBJ
H:\VSDESTIMATION\SYNTHDISESTLOSS\VERIFICATION\JM18.0_SLICE_LOSS\JM\LENCOD\DEBUG_WIN32_VC9\FMO.OBJ
H:\VSDESTIMATION\SYNTHDISESTLOSS\VERIFICATION\JM18.0_SLICE_LOSS\JM\LENCOD\DEBUG_WIN32_VC9\HEADER.OBJ
H:\VSDESTIMATION\SYNTHDISESTLOSS\VERIFICATION\JM18.0_SLICE_LOSS\JM\LENCOD\DEBUG_WIN32_VC9\IMAGE.OBJ
H:\VSDESTIMATION\SYNTHDISESTLOSS\VERIFICATION\JM18.0_SLICE_LOSS\JM\LENCOD\DEBUG_WIN32_VC9\IMAGE_MP.OBJ
H:\VSDESTIMATION\SYNTHDISESTLOSS\VERIFICATION\JM18.0_SLICE_LOSS\JM\LENCOD\DEBUG_WIN32_VC9\IMG_CHROMA.OBJ
H:\VSDESTIMATION\SYNTHDISESTLOSS\VERIFICATION\JM18.0_SLICE_LOSS\JM\LENCOD\DEBUG_WIN32_VC9\IMG_DIST_MS_SSIM.OBJ
H:\VSDESTIMATION\SYNTHDISESTLOSS\VERIFICATION\JM18.0_SLICE_LOSS\JM\LENCOD\DEBUG_WIN32_VC9\IMG_DIST_SNR.OBJ
H:\VSDESTIMATION\SYNTHDISESTLOSS\VERIFICATION\JM18.0_SLICE_LOSS\JM\LENCOD\DEBUG_WIN32_VC9\IMG_DIST_SSIM.OBJ
H:\VSDESTIMATION\SYNTHDISESTLOSS\VERIFICATION\JM18.0_SLICE_LOSS\JM\LENCOD\DEBUG_WIN32_VC9\IMG_DISTORTION.OBJ
H:\VSDESTIMATION\SYNTHDISESTLOSS\VERIFICATION\JM18.0_SLICE_LOSS\JM\LENCOD\DEBUG_WIN32_VC9\IMG_IO.OBJ
H:\VSDESTIMATION\SYNTHDISESTLOSS\VERIFICATION\JM18.0_SLICE_LOSS\JM\LENCOD\DEBUG_WIN32_VC9\IMG_LUMA.OBJ
H:\VSDESTIMATION\SYNTHDISESTLOSS\VERIFICATION\JM18.0_SLICE_LOSS\JM\LENCOD\DEBUG_WIN32_VC9\IMG_PROCESS.OBJ
H:\VSDESTIMATION\SYNTHDISESTLOSS\VERIFICATION\JM18.0_SLICE_LOSS\JM\LENCOD\DEBUG_WIN32_VC9\INPUT.OBJ
H:\VSDESTIMATION\SYNTHDISESTLOSS\VERIFICATION\JM18.0_SLICE_LOSS\JM\LENCOD\DEBUG_WIN32_VC9\INTRA_CHROMA.OBJ
H:\VSDESTIMATION\SYNTHDISESTLOSS\VERIFICATION\JM18.0_SLICE_LOSS\JM\LENCOD\DEBUG_WIN32_VC9\INTRA16X16.OBJ
H:\VSDESTIMATION\SYNTHDISESTLOSS\VERIFICATION\JM18.0_SLICE_LOSS\JM\LENCOD\DEBUG_WIN32_VC9\INTRA4X4.OBJ
H:\VSDESTIMATION\SYNTHDISESTLOSS\VERIFICATION\JM18.0_SLICE_LOSS\JM\LENCOD\DEBUG_WIN32_VC9\INTRA8X8.OBJ
H:\VSDESTIMATION\SYNTHDISESTLOSS\VERIFICATION\JM18.0_SLICE_LOSS\JM\LENCOD\DEBUG_WIN32_VC9\INTRAREFRESH.OBJ
H:\VSDESTIMATION\SYNTHDISESTLOSS\VERIFICATION\JM18.0_SLICE_LOSS\JM\LENCOD\DEBUG_WIN32_VC9\IO_RAW.OBJ
H:\VSDESTIMATION\SYNTHDISESTLOSS\VERIFICATION\JM18.0_SLICE_LOSS\JM\LENCOD\DEBUG_WIN32_VC9\IO_TIFF.OBJ
H:\VSDESTIMATION\SYNTHDISESTLOSS\VERIFICATION\JM18.0_SLICE_LOSS\JM\LENCOD\DEBUG_WIN32_VC9\LAMBDA.OBJ
H:\VSDESTIMATION\SYNTHDISESTLOSS\VERIFICATION\JM18.0_SLICE_LOSS\JM\LENCOD\DEBUG_WIN32_VC9\LEAKY_BUCKET.OBJ
H:\VSDESTIMATION\SYNTHDISESTLOSS\VERIFICATION\JM18.0_SLICE_LOSS\JM\LENCOD\DEBUG_WIN32_VC9\LENCOD.OBJ
H:\VSDESTIMATION\SYNTHDISESTLOSS\VERIFICATION\JM18.0_SLICE_LOSS\JM\LENCOD\DEBUG_WIN32_VC9\LENCOD.PDB
H:\VSDESTIMATION\SYNTHDISESTLOSS\VERIFICATION\JM18.0_SLICE_LOSS\JM\LENCOD\DEBUG_WIN32_VC9\LIST_REORDER.OBJ
H:\VSDESTIMATION\SYNTHDISESTLOSS\VERIFICATION\JM18.0_SLICE_LOSS\JM\LENCOD\DEBUG_WIN32_VC9\LLN_MC_PREDICTION.OBJ
H:\VSDESTIMATION\SYNTHDISESTLOSS\VERIFICATION\JM18.0_SLICE_LOSS\JM\LENCOD\DEBUG_WIN32_VC9\LOOP_FILTER_MBAFF.OBJ
H:\VSDESTIMATION\SYNTHDISESTLOSS\VERIFICATION\JM18.0_SLICE_LOSS\JM\LENCOD\DEBUG_WIN32_VC9\LOOP_FILTER_NORMAL.OBJ
H:\VSDESTIMATION\SYNTHDISESTLOSS\VERIFICATION\JM18.0_SLICE_LOSS\JM\LENCOD\DEBUG_WIN32_VC9\LOOPFILTER.OBJ
H:\VSDESTIMATION\SYNTHDISESTLOSS\VERIFICATION\JM18.0_SLICE_LOSS\JM\LENCOD\DEBUG_WIN32_VC9\MACROBLOCK.OBJ
H:\VSDESTIMATION\SYNTHDISESTLOSS\VERIFICATION\JM18.0_SLICE_LOSS\JM\LENCOD\DEBUG_WIN32_VC9\MACROBLOCK_P444.OBJ
H:\VSDESTIMATION\SYNTHDISESTLOSS\VERIFICATION\JM18.0_SLICE_LOSS\JM\LENCOD\DEBUG_WIN32_VC9\MB_ACCESS.OBJ
H:\VSDESTIMATION\SYNTHDISESTLOSS\VERIFICATION\JM18.0_SLICE_LOSS\JM\LENCOD\DEBUG_WIN32_VC9\MBUFFER.OBJ
H:\VSDESTIMATION\SYNTHDISESTLOSS\VERIFICATION\JM18.0_SLICE_LOSS\JM\LENCOD\DEBUG_WIN32_VC9\MC_PREDICTION.OBJ
H:\VSDESTIMATION\SYNTHDISESTLOSS\VERIFICATION\JM18.0_SLICE_LOSS\JM\LENCOD\DEBUG_WIN32_VC9\MD_COMMON.OBJ
H:\VSDESTIMATION\SYNTHDISESTLOSS\VERIFICATION\JM18.0_SLICE_LOSS\JM\LENCOD\DEBUG_WIN32_VC9\MD_DISTORTION.OBJ
H:\VSDESTIMATION\SYNTHDISESTLOSS\VERIFICATION\JM18.0_SLICE_LOSS\JM\LENCOD\DEBUG_WIN32_VC9\MD_HIGH.OBJ
H:\VSDESTIMATION\SYNTHDISESTLOSS\VERIFICATION\JM18.0_SLICE_LOSS\JM\LENCOD\DEBUG_WIN32_VC9\MD_HIGHFAST.OBJ
H:\VSDESTIMATION\SYNTHDISESTLOSS\VERIFICATION\JM18.0_SLICE_LOSS\JM\LENCOD\DEBUG_WIN32_VC9\MD_HIGHLOSS.OBJ
H:\VSDESTIMATION\SYNTHDISESTLOSS\VERIFICATION\JM18.0_SLICE_LOSS\JM\LENCOD\DEBUG_WIN32_VC9\MD_LOW.OBJ
H:\VSDESTIMATION\SYNTHDISESTLOSS\VERIFICATION\JM18.0_SLICE_LOSS\JM\LENCOD\DEBUG_WIN32_VC9\ME_DISTORTION.OBJ
H:\VSDESTIMATION\SYNTHDISESTLOSS\VERIFICATION\JM18.0_SLICE_LOSS\JM\LENCOD\DEBUG_WIN32_VC9\ME_EPZS.OBJ
H:\VSDESTIMATION\SYNTHDISESTLOSS\VERIFICATION\JM18.0_SLICE_LOSS\JM\LENCOD\DEBUG_WIN32_VC9\ME_EPZS_COMMON.OBJ
H:\VSDESTIMATION\SYNTHDISESTLOSS\VERIFICATION\JM18.0_SLICE_LOSS\JM\LENCOD\DEBUG_WIN32_VC9\ME_EPZS_INT.OBJ
H:\VSDESTIMATION\SYNTHDISESTLOSS\VERIFICATION\JM18.0_SLICE_LOSS\JM\LENCOD\DEBUG_WIN32_VC9\ME_EPZS_SUB.OBJ
H:\VSDESTIMATION\SYNTHDISESTLOSS\VERIFICATION\JM18.0_SLICE_LOSS\JM\LENCOD\DEBUG_WIN32_VC9\ME_FULLFAST.OBJ
H:\VSDESTIMATION\SYNTHDISESTLOSS\VERIFICATION\JM18.0_SLICE_LOSS\JM\LENCOD\DEBUG_WIN32_VC9\ME_FULLSEARCH.OBJ
H:\VSDESTIMATION\SYNTHDISESTLOSS\VERIFICATION\JM18.0_SLICE_LOSS\JM\LENCOD\DEBUG_WIN32_VC9\ME_UMHEX.OBJ
H:\VSDESTIMATION\SYNTHDISESTLOSS\VERIFICATION\JM18.0_SLICE_LOSS\JM\LENCOD\DEBUG_WIN32_VC9\ME_UMHEXSMP.OBJ
H:\VSDESTIMATION\SYNTHDISESTLOSS\VERIFICATION\JM18.0_SLICE_LOSS\JM\LENCOD\DEBUG_WIN32_VC9\MEMALLOC.OBJ
H:\VSDESTIMATION\SYNTHDISESTLOSS\VERIFICATION\JM18.0_SLICE_LOSS\JM\LENCOD\DEBUG_WIN32_VC9\MMCO.OBJ
H:\VSDESTIMATION\SYNTHDISESTLOSS\VERIFICATION\JM18.0_SLICE_LOSS\JM\LENCOD\DEBUG_WIN32_VC9\MODE_DECISION.OBJ
H:\VSDESTIMATION\SYNTHDISESTLOSS\VERIFICATION\JM18.0_SLICE_LOSS\JM\LENCOD\DEBUG_WIN32_VC9\MODE_DECISION_P8X8.OBJ
H:\VSDESTIMATION\SYNTHDISESTLOSS\VERIFICATION\JM18.0_SLICE_LOSS\JM\LENCOD\DEBUG_WIN32_VC9\MV_DIRECT.OBJ
H:\VSDESTIMATION\SYNTHDISESTLOSS\VERIFICATION\JM18.0_SLICE_LOSS\JM\LENCOD\DEBUG_WIN32_VC9\MV_PREDICTION.OBJ
H:\VSDESTIMATION\SYNTHDISESTLOSS\VERIFICATION\JM18.0_SLICE_LOSS\JM\LENCOD\DEBUG_WIN32_VC9\MV_SEARCH.OBJ
H:\VSDESTIMATION\SYNTHDISESTLOSS\VERIFICATION\JM18.0_SLICE_LOSS\JM\LENCOD\DEBUG_WIN32_VC9\NAL.OBJ
H:\VSDESTIMATION\SYNTHDISESTLOSS\VERIFICATION\JM18.0_SLICE_LOSS\JM\LENCOD\DEBUG_WIN32_VC9\NALU.OBJ
H:\VSDESTIMATION\SYNTHDISESTLOSS\VERIFICATION\JM18.0_SLICE_LOSS\JM\LENCOD\DEBUG_WIN32_VC9\NALUCOMMON.OBJ
H:\VSDESTIMATION\SYNTHDISESTLOSS\VERIFICATION\JM18.0_SLICE_LOSS\JM\LENCOD\DEBUG_WIN32_VC9\OUTPUT.OBJ
H:\VSDESTIMATION\SYNTHDISESTLOSS\VERIFICATION\JM18.0_SLICE_LOSS\JM\LENCOD\DEBUG_WIN32_VC9\PARSET.OBJ
H:\VSDESTIMATION\SYNTHDISESTLOSS\VERIFICATION\JM18.0_SLICE_LOSS\JM\LENCOD\DEBUG_WIN32_VC9\PARSETCOMMON.OBJ
H:\VSDESTIMATION\SYNTHDISESTLOSS\VERIFICATION\JM18.0_SLICE_LOSS\JM\LENCOD\DEBUG_WIN32_VC9\PRED_STRUCT.OBJ
H:\VSDESTIMATION\SYNTHDISESTLOSS\VERIFICATION\JM18.0_SLICE_LOSS\JM\LENCOD\DEBUG_WIN32_VC9\Q_AROUND.OBJ
H:\VSDESTIMATION\SYNTHDISESTLOSS\VERIFICATION\JM18.0_SLICE_LOSS\JM\LENCOD\DEBUG_WIN32_VC9\Q_MATRIX.OBJ
H:\VSDESTIMATION\SYNTHDISESTLOSS\VERIFICATION\JM18.0_SLICE_LOSS\JM\LENCOD\DEBUG_WIN32_VC9\Q_OFFSETS.OBJ
H:\VSDESTIMATION\SYNTHDISESTLOSS\VERIFICATION\JM18.0_SLICE_LOSS\JM\LENCOD\DEBUG_WIN32_VC9\QUANT4X4.OBJ
H:\VSDESTIMATION\SYNTHDISESTLOSS\VERIFICATION\JM18.0_SLICE_LOSS\JM\LENCOD\DEBUG_WIN32_VC9\QUANT4X4_AROUND.OBJ
H:\VSDESTIMATION\SYNTHDISESTLOSS\VERIFICATION\JM18.0_SLICE_LOSS\JM\LENCOD\DEBUG_WIN32_VC9\QUANT4X4_NORMAL.OBJ
H:\VSDESTIMATION\SYNTHDISESTLOSS\VERIFICATION\JM18.0_SLICE_LOSS\JM\LENCOD\DEBUG_WIN32_VC9\QUANT4X4_TRELLIS.OBJ
H:\VSDESTIMATION\SYNTHDISESTLOSS\VERIFICATION\JM18.0_SLICE_LOSS\JM\LENCOD\DEBUG_WIN32_VC9\QUANT8X8.OBJ
H:\VSDESTIMATION\SYNTHDISESTLOSS\VERIFICATION\JM18.0_SLICE_LOSS\JM\LENCOD\DEBUG_WIN32_VC9\QUANT8X8_AROUND.OBJ
H:\VSDESTIMATION\SYNTHDISESTLOSS\VERIFICATION\JM18.0_SLICE_LOSS\JM\LENCOD\DEBUG_WIN32_VC9\QUANT8X8_NORMAL.OBJ
H:\VSDESTIMATION\SYNTHDISESTLOSS\VERIFICATION\JM18.0_SLICE_LOSS\JM\LENCOD\DEBUG_WIN32_VC9\QUANT8X8_TRELLIS.OBJ
H:\VSDESTIMATION\SYNTHDISESTLOSS\VERIFICATION\JM18.0_SLICE_LOSS\JM\LENCOD\DEBUG_WIN32_VC9\QUANTCHROMA.OBJ
H:\VSDESTIMATION\SYNTHDISESTLOSS\VERIFICATION\JM18.0_SLICE_LOSS\JM\LENCOD\DEBUG_WIN32_VC9\QUANTCHROMA_AROUND.OBJ
H:\VSDESTIMATION\SYNTHDISESTLOSS\VERIFICATION\JM18.0_SLICE_LOSS\JM\LENCOD\DEBUG_WIN32_VC9\QUANTCHROMA_NORMAL.OBJ
H:\VSDESTIMATION\SYNTHDISESTLOSS\VERIFICATION\JM18.0_SLICE_LOSS\JM\LENCOD\DEBUG_WIN32_VC9\QUANTCHROMA_TRELLIS.OBJ
H:\VSDESTIMATION\SYNTHDISESTLOSS\VERIFICATION\JM18.0_SLICE_LOSS\JM\LENCOD\DEBUG_WIN32_VC9\RATECTL.OBJ
H:\VSDESTIMATION\SYNTHDISESTLOSS\VERIFICATION\JM18.0_SLICE_LOSS\JM\LENCOD\DEBUG_WIN32_VC9\RC_QUADRATIC.OBJ
H:\VSDESTIMATION\SYNTHDISESTLOSS\VERIFICATION\JM18.0_SLICE_LOSS\JM\LENCOD\DEBUG_WIN32_VC9\RD_INTRA_JM.OBJ
H:\VSDESTIMATION\SYNTHDISESTLOSS\VERIFICATION\JM18.0_SLICE_LOSS\JM\LENCOD\DEBUG_WIN32_VC9\RD_INTRA_JM_LOW.OBJ
H:\VSDESTIMATION\SYNTHDISESTLOSS\VERIFICATION\JM18.0_SLICE_LOSS\JM\LENCOD\DEBUG_WIN32_VC9\RD_INTRA_JM444.OBJ
H:\VSDESTIMATION\SYNTHDISESTLOSS\VERIFICATION\JM18.0_SLICE_LOSS\JM\LENCOD\DEBUG_WIN32_VC9\RDOPT.OBJ
H:\VSDESTIMATION\SYNTHDISESTLOSS\VERIFICATION\JM18.0_SLICE_LOSS\JM\LENCOD\DEBUG_WIN32_VC9\RDOPT_CODING_STATE.OBJ
H:\VSDESTIMATION\SYNTHDISESTLOSS\VERIFICATION\JM18.0_SLICE_LOSS\JM\LENCOD\DEBUG_WIN32_VC9\RDOQ.OBJ
H:\VSDESTIMATION\SYNTHDISESTLOSS\VERIFICATION\JM18.0_SLICE_LOSS\JM\LENCOD\DEBUG_WIN32_VC9\RDOQ_CABAC.OBJ
H:\VSDESTIMATION\SYNTHDISESTLOSS\VERIFICATION\JM18.0_SLICE_LOSS\JM\LENCOD\DEBUG_WIN32_VC9\RDOQ_CAVLC.OBJ
H:\VSDESTIMATION\SYNTHDISESTLOSS\VERIFICATION\JM18.0_SLICE_LOSS\JM\LENCOD\DEBUG_WIN32_VC9\RDPICDECISION.OBJ
H:\VSDESTIMATION\SYNTHDISESTLOSS\VERIFICATION\JM18.0_SLICE_LOSS\JM\LENCOD\DEBUG_WIN32_VC9\REPORT.OBJ
H:\VSDESTIMATION\SYNTHDISESTLOSS\VERIFICATION\JM18.0_SLICE_LOSS\JM\LENCOD\DEBUG_WIN32_VC9\RTP.OBJ
H:\VSDESTIMATION\SYNTHDISESTLOSS\VERIFICATION\JM18.0_SLICE_LOSS\JM\LENCOD\DEBUG_WIN32_VC9\SEI.OBJ
H:\VSDESTIMATION\SYNTHDISESTLOSS\VERIFICATION\JM18.0_SLICE_LOSS\JM\LENCOD\DEBUG_WIN32_VC9\SLICE.OBJ
H:\VSDESTIMATION\SYNTHDISESTLOSS\VERIFICATION\JM18.0_SLICE_LOSS\JM\LENCOD\DEBUG_WIN32_VC9\SYMBOL.OBJ
H:\VSDESTIMATION\SYNTHDISESTLOSS\VERIFICATION\JM18.0_SLICE_LOSS\JM\LENCOD\DEBUG_WIN32_VC9\TRANSFORM.OBJ
H:\VSDESTIMATION\SYNTHDISESTLOSS\VERIFICATION\JM18.0_SLICE_LOSS\JM\LENCOD\DEBUG_WIN32_VC9\TRANSFORM8X8.OBJ
H:\VSDESTIMATION\SYNTHDISESTLOSS\VERIFICATION\JM18.0_SLICE_LOSS\JM\LENCOD\DEBUG_WIN32_VC9\TRANSFORM8X8_H444.OBJ
H:\VSDESTIMATION\SYNTHDISESTLOSS\VERIFICATION\JM18.0_SLICE_LOSS\JM\LENCOD\DEBUG_WIN32_VC9\VC100.PDB
H:\VSDESTIMATION\SYNTHDISESTLOSS\VERIFICATION\JM18.0_SLICE_LOSS\JM\LENCOD\DEBUG_WIN32_VC9\VLC.OBJ
H:\VSDESTIMATION\SYNTHDISESTLOSS\VERIFICATION\JM18.0_SLICE_LOSS\JM\LENCOD\DEBUG_WIN32_VC9\WEIGHTED_PREDICTION.OBJ
H:\VSDESTIMATION\SYNTHDISESTLOSS\VERIFICATION\JM18.0_SLICE_LOSS\JM\LENCOD\DEBUG_WIN32_VC9\WIN32.OBJ
H:\VSDESTIMATION\SYNTHDISESTLOSS\VERIFICATION\JM18.0_SLICE_LOSS\JM\LENCOD\DEBUG_WIN32_VC9\WP_LMS.OBJ
H:\VSDESTIMATION\SYNTHDISESTLOSS\VERIFICATION\JM18.0_SLICE_LOSS\JM\LENCOD\DEBUG_WIN32_VC9\WP_MCITER.OBJ
H:\VSDESTIMATION\SYNTHDISESTLOSS\VERIFICATION\JM18.0_SLICE_LOSS\JM\LENCOD\DEBUG_WIN32_VC9\WP_MCPREC.OBJ
