D:\PROJ\CORRUPT_VS\CORRUPT_VS\DEBUG\CORRUPT_VS.EXE.EMBED.MANIFEST
D:\PROJ\CORRUPT_VS\CORRUPT_VS\DEBUG\CORRUPT_VS.EXE.EMBED.MANIFEST.RES
D:\PROJ\CORRUPT_VS\CORRUPT_VS\DEBUG\CORRUPT_VS.EXE.INTERMEDIATE.MANIFEST
D:\PROJ\CORRUPT_VS\CORRUPT_VS\DEBUG\CORRUPT_VS.OBJ
D:\PROJ\CORRUPT_VS\CORRUPT_VS\DEBUG\CORRUPT_VS.PCH
D:\PROJ\CORRUPT_VS\CORRUPT_VS\DEBUG\STDAFX.OBJ
D:\PROJ\CORRUPT_VS\CORRUPT_VS\DEBUG\VC100.PDB
D:\PROJ\CORRUPT_VS\DEBUG\CORRUPT_VS.EXE
D:\PROJ\CORRUPT_VS\DEBUG\CORRUPT_VS.ILK
D:\PROJ\CORRUPT_VS\DEBUG\CORRUPT_VS.PDB
D:\Projects\SynthDistEst\SynthDisEstError\corrupt_vs\corrupt_vs\Debug\cl.command.1.tlog
D:\Projects\SynthDistEst\SynthDisEstError\corrupt_vs\corrupt_vs\Debug\CL.read.1.tlog
D:\Projects\SynthDistEst\SynthDisEstError\corrupt_vs\corrupt_vs\Debug\CL.write.1.tlog
D:\Projects\SynthDistEst\SynthDisEstError\corrupt_vs\corrupt_vs\Debug\corrupt_vs.exe.embed.manifest
D:\Projects\SynthDistEst\SynthDisEstError\corrupt_vs\corrupt_vs\Debug\corrupt_vs.exe.embed.manifest.res
D:\Projects\SynthDistEst\SynthDisEstError\corrupt_vs\corrupt_vs\Debug\corrupt_vs.exe.intermediate.manifest
D:\Projects\SynthDistEst\SynthDisEstError\corrupt_vs\corrupt_vs\Debug\corrupt_vs.obj
D:\Projects\SynthDistEst\SynthDisEstError\corrupt_vs\corrupt_vs\Debug\corrupt_vs.pch
D:\Projects\SynthDistEst\SynthDisEstError\corrupt_vs\corrupt_vs\Debug\corrupt_vs_manifest.rc
D:\Projects\SynthDistEst\SynthDisEstError\corrupt_vs\corrupt_vs\Debug\link.3496.read.1.tlog
D:\Projects\SynthDistEst\SynthDisEstError\corrupt_vs\corrupt_vs\Debug\link.3496.write.1.tlog
D:\Projects\SynthDistEst\SynthDisEstError\corrupt_vs\corrupt_vs\Debug\link.3496-cvtres.read.1.tlog
D:\Projects\SynthDistEst\SynthDisEstError\corrupt_vs\corrupt_vs\Debug\link.3496-cvtres.write.1.tlog
D:\Projects\SynthDistEst\SynthDisEstError\corrupt_vs\corrupt_vs\Debug\link.command.1.tlog
D:\Projects\SynthDistEst\SynthDisEstError\corrupt_vs\corrupt_vs\Debug\link.read.1.tlog
D:\Projects\SynthDistEst\SynthDisEstError\corrupt_vs\corrupt_vs\Debug\link.write.1.tlog
D:\Projects\SynthDistEst\SynthDisEstError\corrupt_vs\corrupt_vs\Debug\link-cvtres.read.1.tlog
D:\Projects\SynthDistEst\SynthDisEstError\corrupt_vs\corrupt_vs\Debug\link-cvtres.write.1.tlog
D:\Projects\SynthDistEst\SynthDisEstError\corrupt_vs\corrupt_vs\Debug\mt.command.1.tlog
D:\Projects\SynthDistEst\SynthDisEstError\corrupt_vs\corrupt_vs\Debug\mt.read.1.tlog
D:\Projects\SynthDistEst\SynthDisEstError\corrupt_vs\corrupt_vs\Debug\mt.write.1.tlog
D:\Projects\SynthDistEst\SynthDisEstError\corrupt_vs\corrupt_vs\Debug\rc.command.1.tlog
D:\Projects\SynthDistEst\SynthDisEstError\corrupt_vs\corrupt_vs\Debug\rc.read.1.tlog
D:\Projects\SynthDistEst\SynthDisEstError\corrupt_vs\corrupt_vs\Debug\rc.write.1.tlog
D:\Projects\SynthDistEst\SynthDisEstError\corrupt_vs\corrupt_vs\Debug\stdafx.obj
D:\Projects\SynthDistEst\SynthDisEstError\corrupt_vs\corrupt_vs\Debug\vc100.pdb
D:\Projects\SynthDistEst\SynthDisEstError\corrupt_vs\Debug\corrupt_vs.exe
D:\Projects\SynthDistEst\SynthDisEstError\corrupt_vs\Debug\corrupt_vs.ilk
D:\Projects\SynthDistEst\SynthDisEstError\corrupt_vs\Debug\corrupt_vs.pdb
