D:\PROJ\LOSS_VS_FULL_SYSTEM\DEBUG\LOSS_VS.EXE
D:\PROJ\LOSS_VS_FULL_SYSTEM\DEBUG\LOSS_VS.ILK
D:\PROJ\LOSS_VS_FULL_SYSTEM\DEBUG\LOSS_VS.PDB
D:\proj\loss_vs_full_system\loss_vs\Debug\cl.command.1.tlog
D:\proj\loss_vs_full_system\loss_vs\Debug\CL.read.1.tlog
D:\proj\loss_vs_full_system\loss_vs\Debug\CL.write.1.tlog
D:\proj\loss_vs_full_system\loss_vs\Debug\link.2828.read.1.tlog
D:\proj\loss_vs_full_system\loss_vs\Debug\link.2828.write.1.tlog
D:\proj\loss_vs_full_system\loss_vs\Debug\link.2828-cvtres.read.1.tlog
D:\proj\loss_vs_full_system\loss_vs\Debug\link.2828-cvtres.write.1.tlog
D:\proj\loss_vs_full_system\loss_vs\Debug\link.command.1.tlog
D:\proj\loss_vs_full_system\loss_vs\Debug\link.read.1.tlog
D:\proj\loss_vs_full_system\loss_vs\Debug\link.write.1.tlog
D:\proj\loss_vs_full_system\loss_vs\Debug\link-cvtres.read.1.tlog
D:\proj\loss_vs_full_system\loss_vs\Debug\link-cvtres.write.1.tlog
D:\PROJ\LOSS_VS_FULL_SYSTEM\LOSS_VS\DEBUG\LOSS_VS.EXE.EMBED.MANIFEST
D:\PROJ\LOSS_VS_FULL_SYSTEM\LOSS_VS\DEBUG\LOSS_VS.EXE.EMBED.MANIFEST.RES
D:\PROJ\LOSS_VS_FULL_SYSTEM\LOSS_VS\DEBUG\LOSS_VS.EXE.INTERMEDIATE.MANIFEST
D:\PROJ\LOSS_VS_FULL_SYSTEM\LOSS_VS\DEBUG\LOSS_VS.OBJ
D:\PROJ\LOSS_VS_FULL_SYSTEM\LOSS_VS\DEBUG\LOSS_VS.PCH
D:\proj\loss_vs_full_system\loss_vs\Debug\loss_vs_manifest.rc
D:\proj\loss_vs_full_system\loss_vs\Debug\mt.command.1.tlog
D:\proj\loss_vs_full_system\loss_vs\Debug\mt.read.1.tlog
D:\proj\loss_vs_full_system\loss_vs\Debug\mt.write.1.tlog
D:\proj\loss_vs_full_system\loss_vs\Debug\rc.command.1.tlog
D:\proj\loss_vs_full_system\loss_vs\Debug\rc.read.1.tlog
D:\proj\loss_vs_full_system\loss_vs\Debug\rc.write.1.tlog
D:\PROJ\LOSS_VS_FULL_SYSTEM\LOSS_VS\DEBUG\STDAFX.OBJ
D:\proj\loss_vs_full_system\loss_vs\Debug\vc100.idb
D:\PROJ\LOSS_VS_FULL_SYSTEM\LOSS_VS\DEBUG\VC100.PDB
