C:\USERS\DZHANGA.FAS.SFU.CA\DESKTOP\PROJ\LOSS_VS_FULL_SYSTEM\DEBUG\LOSS_VS_FULL_SYSTEM.EXE
C:\USERS\DZHANGA.FAS.SFU.CA\DESKTOP\PROJ\LOSS_VS_FULL_SYSTEM\DEBUG\LOSS_VS_FULL_SYSTEM.ILK
C:\USERS\DZHANGA.FAS.SFU.CA\DESKTOP\PROJ\LOSS_VS_FULL_SYSTEM\DEBUG\LOSS_VS_FULL_SYSTEM.PDB
C:\USERS\DZHANGA.FAS.SFU.CA\DESKTOP\PROJ\LOSS_VS_FULL_SYSTEM\LOSS_VS\DEBUG\LOSS_VS.OBJ
C:\USERS\DZHANGA.FAS.SFU.CA\DESKTOP\PROJ\LOSS_VS_FULL_SYSTEM\LOSS_VS\DEBUG\LOSS_VS_FULL_SYSTEM.EXE.EMBED.MANIFEST
C:\USERS\DZHANGA.FAS.SFU.CA\DESKTOP\PROJ\LOSS_VS_FULL_SYSTEM\LOSS_VS\DEBUG\LOSS_VS_FULL_SYSTEM.EXE.EMBED.MANIFEST.RES
C:\USERS\DZHANGA.FAS.SFU.CA\DESKTOP\PROJ\LOSS_VS_FULL_SYSTEM\LOSS_VS\DEBUG\LOSS_VS_FULL_SYSTEM.EXE.INTERMEDIATE.MANIFEST
C:\USERS\DZHANGA.FAS.SFU.CA\DESKTOP\PROJ\LOSS_VS_FULL_SYSTEM\LOSS_VS\DEBUG\LOSS_VS_FULL_SYSTEM.PCH
C:\USERS\DZHANGA.FAS.SFU.CA\DESKTOP\PROJ\LOSS_VS_FULL_SYSTEM\LOSS_VS\DEBUG\STDAFX.OBJ
C:\USERS\DZHANGA.FAS.SFU.CA\DESKTOP\PROJ\LOSS_VS_FULL_SYSTEM\LOSS_VS\DEBUG\VC100.PDB
D:\PROJ\LOSS_VS_FULL_SYSTEM\DEBUG\LOSS_VS_FULL_SYSTEM.EXE
D:\PROJ\LOSS_VS_FULL_SYSTEM\DEBUG\LOSS_VS_FULL_SYSTEM.ILK
D:\PROJ\LOSS_VS_FULL_SYSTEM\DEBUG\LOSS_VS_FULL_SYSTEM.PDB
D:\PROJ\LOSS_VS_FULL_SYSTEM\LOSS_VS\DEBUG\LOSS_VS.OBJ
D:\PROJ\LOSS_VS_FULL_SYSTEM\LOSS_VS\DEBUG\LOSS_VS_FULL_SYSTEM.EXE.EMBED.MANIFEST.RES
D:\PROJ\LOSS_VS_FULL_SYSTEM\LOSS_VS\DEBUG\LOSS_VS_FULL_SYSTEM.EXE.INTERMEDIATE.MANIFEST
D:\PROJ\LOSS_VS_FULL_SYSTEM\LOSS_VS\DEBUG\LOSS_VS_FULL_SYSTEM.PCH
D:\PROJ\LOSS_VS_FULL_SYSTEM\LOSS_VS\DEBUG\STDAFX.OBJ
D:\PROJ\LOSS_VS_FULL_SYSTEM\LOSS_VS\DEBUG\VC100.PDB
D:\Projects\SynthDistEst\SynthDisEstLoss\loss_vs_full_system\Debug\loss_vs_full_system.exe
D:\Projects\SynthDistEst\SynthDisEstLoss\loss_vs_full_system\Debug\loss_vs_full_system.ilk
D:\Projects\SynthDistEst\SynthDisEstLoss\loss_vs_full_system\Debug\loss_vs_full_system.pdb
D:\Projects\SynthDistEst\SynthDisEstLoss\loss_vs_full_system\loss_vs\Debug\cl.command.1.tlog
D:\Projects\SynthDistEst\SynthDisEstLoss\loss_vs_full_system\loss_vs\Debug\CL.read.1.tlog
D:\Projects\SynthDistEst\SynthDisEstLoss\loss_vs_full_system\loss_vs\Debug\CL.write.1.tlog
D:\Projects\SynthDistEst\SynthDisEstLoss\loss_vs_full_system\loss_vs\Debug\link.1036.read.1.tlog
D:\Projects\SynthDistEst\SynthDisEstLoss\loss_vs_full_system\loss_vs\Debug\link.1036.write.1.tlog
D:\Projects\SynthDistEst\SynthDisEstLoss\loss_vs_full_system\loss_vs\Debug\link.1036-cvtres.read.1.tlog
D:\Projects\SynthDistEst\SynthDisEstLoss\loss_vs_full_system\loss_vs\Debug\link.1036-cvtres.write.1.tlog
D:\Projects\SynthDistEst\SynthDisEstLoss\loss_vs_full_system\loss_vs\Debug\link.4392.read.1.tlog
D:\Projects\SynthDistEst\SynthDisEstLoss\loss_vs_full_system\loss_vs\Debug\link.4392.write.1.tlog
D:\Projects\SynthDistEst\SynthDisEstLoss\loss_vs_full_system\loss_vs\Debug\link.4392-cvtres.read.1.tlog
D:\Projects\SynthDistEst\SynthDisEstLoss\loss_vs_full_system\loss_vs\Debug\link.4392-cvtres.write.1.tlog
D:\Projects\SynthDistEst\SynthDisEstLoss\loss_vs_full_system\loss_vs\Debug\link.command.1.tlog
D:\Projects\SynthDistEst\SynthDisEstLoss\loss_vs_full_system\loss_vs\Debug\link.read.1.tlog
D:\Projects\SynthDistEst\SynthDisEstLoss\loss_vs_full_system\loss_vs\Debug\link.write.1.tlog
D:\Projects\SynthDistEst\SynthDisEstLoss\loss_vs_full_system\loss_vs\Debug\link-cvtres.read.1.tlog
D:\Projects\SynthDistEst\SynthDisEstLoss\loss_vs_full_system\loss_vs\Debug\link-cvtres.write.1.tlog
D:\Projects\SynthDistEst\SynthDisEstLoss\loss_vs_full_system\loss_vs\Debug\loss_vs.obj
D:\Projects\SynthDistEst\SynthDisEstLoss\loss_vs_full_system\loss_vs\Debug\loss_vs_full_system.exe.embed.manifest
D:\Projects\SynthDistEst\SynthDisEstLoss\loss_vs_full_system\loss_vs\Debug\loss_vs_full_system.exe.embed.manifest.res
D:\Projects\SynthDistEst\SynthDisEstLoss\loss_vs_full_system\loss_vs\Debug\loss_vs_full_system.exe.intermediate.manifest
D:\Projects\SynthDistEst\SynthDisEstLoss\loss_vs_full_system\loss_vs\Debug\loss_vs_full_system.pch
D:\Projects\SynthDistEst\SynthDisEstLoss\loss_vs_full_system\loss_vs\Debug\loss_vs_full_system_manifest.rc
D:\Projects\SynthDistEst\SynthDisEstLoss\loss_vs_full_system\loss_vs\Debug\mt.command.1.tlog
D:\Projects\SynthDistEst\SynthDisEstLoss\loss_vs_full_system\loss_vs\Debug\mt.read.1.tlog
D:\Projects\SynthDistEst\SynthDisEstLoss\loss_vs_full_system\loss_vs\Debug\mt.write.1.tlog
D:\Projects\SynthDistEst\SynthDisEstLoss\loss_vs_full_system\loss_vs\Debug\rc.command.1.tlog
D:\Projects\SynthDistEst\SynthDisEstLoss\loss_vs_full_system\loss_vs\Debug\rc.read.1.tlog
D:\Projects\SynthDistEst\SynthDisEstLoss\loss_vs_full_system\loss_vs\Debug\rc.write.1.tlog
D:\Projects\SynthDistEst\SynthDisEstLoss\loss_vs_full_system\loss_vs\Debug\stdafx.obj
D:\Projects\SynthDistEst\SynthDisEstLoss\loss_vs_full_system\loss_vs\Debug\vc100.idb
D:\Projects\SynthDistEst\SynthDisEstLoss\loss_vs_full_system\loss_vs\Debug\vc100.pdb
