D:\SYNTHDISESTLOSS\VSRS3_5_DE_1D_SIGNALED\BIN\VIEWSYNVC8.PDB
D:\SYNTHDISESTLOSS\VSRS3_5_DE_1D_SIGNALED\BIN\VIEWSYNVC8D.EXE
D:\SYNTHDISESTLOSS\VSRS3_5_DE_1D_SIGNALED\BIN\VIEWSYNVC8D.ILK
D:\SYNTHDISESTLOSS\VSRS3_5_DE_1D_SIGNALED\VIEWSYN\DEBUG\VC100.PDB
D:\SYNTHDISESTLOSS\VSRS3_5_DE_1D_SIGNALED\VIEWSYN\DEBUG\VIEWSYN.OBJ
D:\SYNTHDISESTLOSS\VSRS3_5_DE_1D_SIGNALED\VIEWSYN\DEBUG\VIEWSYNVC8.EXE.EMBED.MANIFEST
D:\SYNTHDISESTLOSS\VSRS3_5_DE_1D_SIGNALED\VIEWSYN\DEBUG\VIEWSYNVC8.EXE.EMBED.MANIFEST.RES
D:\SYNTHDISESTLOSS\VSRS3_5_DE_1D_SIGNALED\VIEWSYN\DEBUG\VIEWSYNVC8.EXE.INTERMEDIATE.MANIFEST
H:\VSDEstimation\SynthDisEstLoss\estimation\full_system\VSRS3_5_DE_1D_signaled\ViewSyn\Debug\cl.command.1.tlog
H:\VSDEstimation\SynthDisEstLoss\estimation\full_system\VSRS3_5_DE_1D_signaled\ViewSyn\Debug\CL.read.1.tlog
H:\VSDEstimation\SynthDisEstLoss\estimation\full_system\VSRS3_5_DE_1D_signaled\ViewSyn\Debug\CL.write.1.tlog
H:\VSDEstimation\SynthDisEstLoss\estimation\full_system\VSRS3_5_DE_1D_signaled\ViewSyn\Debug\link.2112.read.1.tlog
H:\VSDEstimation\SynthDisEstLoss\estimation\full_system\VSRS3_5_DE_1D_signaled\ViewSyn\Debug\link.2112.write.1.tlog
H:\VSDEstimation\SynthDisEstLoss\estimation\full_system\VSRS3_5_DE_1D_signaled\ViewSyn\Debug\link.2112-cvtres.read.1.tlog
H:\VSDEstimation\SynthDisEstLoss\estimation\full_system\VSRS3_5_DE_1D_signaled\ViewSyn\Debug\link.2112-cvtres.write.1.tlog
H:\VSDEstimation\SynthDisEstLoss\estimation\full_system\VSRS3_5_DE_1D_signaled\ViewSyn\Debug\link.command.1.tlog
H:\VSDEstimation\SynthDisEstLoss\estimation\full_system\VSRS3_5_DE_1D_signaled\ViewSyn\Debug\link.read.1.tlog
H:\VSDEstimation\SynthDisEstLoss\estimation\full_system\VSRS3_5_DE_1D_signaled\ViewSyn\Debug\link.write.1.tlog
H:\VSDEstimation\SynthDisEstLoss\estimation\full_system\VSRS3_5_DE_1D_signaled\ViewSyn\Debug\link-cvtres.read.1.tlog
H:\VSDEstimation\SynthDisEstLoss\estimation\full_system\VSRS3_5_DE_1D_signaled\ViewSyn\Debug\link-cvtres.write.1.tlog
H:\VSDEstimation\SynthDisEstLoss\estimation\full_system\VSRS3_5_DE_1D_signaled\ViewSyn\Debug\mt.command.1.tlog
H:\VSDEstimation\SynthDisEstLoss\estimation\full_system\VSRS3_5_DE_1D_signaled\ViewSyn\Debug\mt.read.1.tlog
H:\VSDEstimation\SynthDisEstLoss\estimation\full_system\VSRS3_5_DE_1D_signaled\ViewSyn\Debug\mt.write.1.tlog
H:\VSDEstimation\SynthDisEstLoss\estimation\full_system\VSRS3_5_DE_1D_signaled\ViewSyn\Debug\rc.command.1.tlog
H:\VSDEstimation\SynthDisEstLoss\estimation\full_system\VSRS3_5_DE_1D_signaled\ViewSyn\Debug\rc.read.1.tlog
H:\VSDEstimation\SynthDisEstLoss\estimation\full_system\VSRS3_5_DE_1D_signaled\ViewSyn\Debug\rc.write.1.tlog
H:\VSDEstimation\SynthDisEstLoss\estimation\full_system\VSRS3_5_DE_1D_signaled\ViewSyn\Debug\ViewSynVC8.write.1.tlog
H:\VSDEstimation\SynthDisEstLoss\estimation\full_system\VSRS3_5_DE_1D_signaled\ViewSyn\Debug\ViewSynVC8_manifest.rc
