D:\PROJ\LOSS_DECODE_SINGLE_STREAM\DEBUG\LOSS_DECODE.EXE
D:\PROJ\LOSS_DECODE_SINGLE_STREAM\DEBUG\LOSS_DECODE.ILK
D:\PROJ\LOSS_DECODE_SINGLE_STREAM\DEBUG\LOSS_DECODE.PDB
D:\PROJ\LOSS_DECODE_SINGLE_STREAM\LOSS_DECODE\DEBUG\LOSS_DECODE.EXE.EMBED.MANIFEST
D:\PROJ\LOSS_DECODE_SINGLE_STREAM\LOSS_DECODE\DEBUG\LOSS_DECODE.EXE.EMBED.MANIFEST.RES
D:\PROJ\LOSS_DECODE_SINGLE_STREAM\LOSS_DECODE\DEBUG\LOSS_DECODE.EXE.INTERMEDIATE.MANIFEST
D:\PROJ\LOSS_DECODE_SINGLE_STREAM\LOSS_DECODE\DEBUG\LOSS_DECODE.OBJ
D:\PROJ\LOSS_DECODE_SINGLE_STREAM\LOSS_DECODE\DEBUG\LOSS_DECODE.PCH
D:\PROJ\LOSS_DECODE_SINGLE_STREAM\LOSS_DECODE\DEBUG\STDAFX.OBJ
D:\PROJ\LOSS_DECODE_SINGLE_STREAM\LOSS_DECODE\DEBUG\VC100.PDB
D:\Projects\SynthDistEst\SynthDisEstLoss\loss_decode_single_stream\Debug\loss_decode.exe
D:\Projects\SynthDistEst\SynthDisEstLoss\loss_decode_single_stream\Debug\loss_decode.ilk
D:\Projects\SynthDistEst\SynthDisEstLoss\loss_decode_single_stream\Debug\loss_decode.pdb
D:\Projects\SynthDistEst\SynthDisEstLoss\loss_decode_single_stream\loss_decode\Debug\cl.command.1.tlog
D:\Projects\SynthDistEst\SynthDisEstLoss\loss_decode_single_stream\loss_decode\Debug\CL.read.1.tlog
D:\Projects\SynthDistEst\SynthDisEstLoss\loss_decode_single_stream\loss_decode\Debug\CL.write.1.tlog
D:\Projects\SynthDistEst\SynthDisEstLoss\loss_decode_single_stream\loss_decode\Debug\link.832.read.1.tlog
D:\Projects\SynthDistEst\SynthDisEstLoss\loss_decode_single_stream\loss_decode\Debug\link.832.write.1.tlog
D:\Projects\SynthDistEst\SynthDisEstLoss\loss_decode_single_stream\loss_decode\Debug\link.832-cvtres.read.1.tlog
D:\Projects\SynthDistEst\SynthDisEstLoss\loss_decode_single_stream\loss_decode\Debug\link.832-cvtres.write.1.tlog
D:\Projects\SynthDistEst\SynthDisEstLoss\loss_decode_single_stream\loss_decode\Debug\link.command.1.tlog
D:\Projects\SynthDistEst\SynthDisEstLoss\loss_decode_single_stream\loss_decode\Debug\link.read.1.tlog
D:\Projects\SynthDistEst\SynthDisEstLoss\loss_decode_single_stream\loss_decode\Debug\link.write.1.tlog
D:\Projects\SynthDistEst\SynthDisEstLoss\loss_decode_single_stream\loss_decode\Debug\link-cvtres.read.1.tlog
D:\Projects\SynthDistEst\SynthDisEstLoss\loss_decode_single_stream\loss_decode\Debug\link-cvtres.write.1.tlog
D:\Projects\SynthDistEst\SynthDisEstLoss\loss_decode_single_stream\loss_decode\Debug\loss_decode.exe.embed.manifest
D:\Projects\SynthDistEst\SynthDisEstLoss\loss_decode_single_stream\loss_decode\Debug\loss_decode.exe.embed.manifest.res
D:\Projects\SynthDistEst\SynthDisEstLoss\loss_decode_single_stream\loss_decode\Debug\loss_decode.exe.intermediate.manifest
D:\Projects\SynthDistEst\SynthDisEstLoss\loss_decode_single_stream\loss_decode\Debug\loss_decode.obj
D:\Projects\SynthDistEst\SynthDisEstLoss\loss_decode_single_stream\loss_decode\Debug\loss_decode.pch
D:\Projects\SynthDistEst\SynthDisEstLoss\loss_decode_single_stream\loss_decode\Debug\loss_decode_manifest.rc
D:\Projects\SynthDistEst\SynthDisEstLoss\loss_decode_single_stream\loss_decode\Debug\mt.command.1.tlog
D:\Projects\SynthDistEst\SynthDisEstLoss\loss_decode_single_stream\loss_decode\Debug\mt.read.1.tlog
D:\Projects\SynthDistEst\SynthDisEstLoss\loss_decode_single_stream\loss_decode\Debug\mt.write.1.tlog
D:\Projects\SynthDistEst\SynthDisEstLoss\loss_decode_single_stream\loss_decode\Debug\rc.command.1.tlog
D:\Projects\SynthDistEst\SynthDisEstLoss\loss_decode_single_stream\loss_decode\Debug\rc.read.1.tlog
D:\Projects\SynthDistEst\SynthDisEstLoss\loss_decode_single_stream\loss_decode\Debug\rc.write.1.tlog
D:\Projects\SynthDistEst\SynthDisEstLoss\loss_decode_single_stream\loss_decode\Debug\stdafx.obj
D:\Projects\SynthDistEst\SynthDisEstLoss\loss_decode_single_stream\loss_decode\Debug\vc100.idb
D:\Projects\SynthDistEst\SynthDisEstLoss\loss_decode_single_stream\loss_decode\Debug\vc100.pdb
