.\bin\ldecod.bsc
.\bin\ldecod.pdb
H:\VSDEstimation\SynthDisEstLoss\verification\jm18.0_slice_loss\JM\.\bin\ldecod.exe
H:\VSDESTIMATION\SYNTHDISESTLOSS\VERIFICATION\JM18.0_SLICE_LOSS\JM\BIN\LDECOD.BSC
H:\VSDESTIMATION\SYNTHDISESTLOSS\VERIFICATION\JM18.0_SLICE_LOSS\JM\BIN\LDECOD.EXE
H:\VSDEstimation\SynthDisEstLoss\verification\jm18.0_slice_loss\JM\ldecod\Debug_Win32_vc10\annexb.obj
H:\VSDEstimation\SynthDisEstLoss\verification\jm18.0_slice_loss\JM\ldecod\Debug_Win32_vc10\annexb.sbr
H:\VSDEstimation\SynthDisEstLoss\verification\jm18.0_slice_loss\JM\ldecod\Debug_Win32_vc10\biaridecod.obj
H:\VSDEstimation\SynthDisEstLoss\verification\jm18.0_slice_loss\JM\ldecod\Debug_Win32_vc10\biaridecod.sbr
H:\VSDEstimation\SynthDisEstLoss\verification\jm18.0_slice_loss\JM\ldecod\Debug_Win32_vc10\blk_prediction.obj
H:\VSDEstimation\SynthDisEstLoss\verification\jm18.0_slice_loss\JM\ldecod\Debug_Win32_vc10\blk_prediction.sbr
H:\VSDEstimation\SynthDisEstLoss\verification\jm18.0_slice_loss\JM\ldecod\Debug_Win32_vc10\block.obj
H:\VSDEstimation\SynthDisEstLoss\verification\jm18.0_slice_loss\JM\ldecod\Debug_Win32_vc10\block.sbr
H:\VSDEstimation\SynthDisEstLoss\verification\jm18.0_slice_loss\JM\ldecod\Debug_Win32_vc10\BscMake.command.1.tlog
H:\VSDEstimation\SynthDisEstLoss\verification\jm18.0_slice_loss\JM\ldecod\Debug_Win32_vc10\bscmake.read.1.tlog
H:\VSDEstimation\SynthDisEstLoss\verification\jm18.0_slice_loss\JM\ldecod\Debug_Win32_vc10\bscmake.write.1.tlog
H:\VSDEstimation\SynthDisEstLoss\verification\jm18.0_slice_loss\JM\ldecod\Debug_Win32_vc10\cabac.obj
H:\VSDEstimation\SynthDisEstLoss\verification\jm18.0_slice_loss\JM\ldecod\Debug_Win32_vc10\cabac.sbr
H:\VSDEstimation\SynthDisEstLoss\verification\jm18.0_slice_loss\JM\ldecod\Debug_Win32_vc10\CL.3592.read.1.tlog
H:\VSDEstimation\SynthDisEstLoss\verification\jm18.0_slice_loss\JM\ldecod\Debug_Win32_vc10\CL.3592.write.1.tlog
H:\VSDEstimation\SynthDisEstLoss\verification\jm18.0_slice_loss\JM\ldecod\Debug_Win32_vc10\CL.4008.read.1.tlog
H:\VSDEstimation\SynthDisEstLoss\verification\jm18.0_slice_loss\JM\ldecod\Debug_Win32_vc10\CL.4008.write.1.tlog
H:\VSDEstimation\SynthDisEstLoss\verification\jm18.0_slice_loss\JM\ldecod\Debug_Win32_vc10\cl.command.1.tlog
H:\VSDEstimation\SynthDisEstLoss\verification\jm18.0_slice_loss\JM\ldecod\Debug_Win32_vc10\CL.read.1.tlog
H:\VSDEstimation\SynthDisEstLoss\verification\jm18.0_slice_loss\JM\ldecod\Debug_Win32_vc10\cl.write.1.tlog
H:\VSDEstimation\SynthDisEstLoss\verification\jm18.0_slice_loss\JM\ldecod\Debug_Win32_vc10\config_common.obj
H:\VSDEstimation\SynthDisEstLoss\verification\jm18.0_slice_loss\JM\ldecod\Debug_Win32_vc10\config_common.sbr
H:\VSDEstimation\SynthDisEstLoss\verification\jm18.0_slice_loss\JM\ldecod\Debug_Win32_vc10\configfile.obj
H:\VSDEstimation\SynthDisEstLoss\verification\jm18.0_slice_loss\JM\ldecod\Debug_Win32_vc10\configfile.sbr
H:\VSDEstimation\SynthDisEstLoss\verification\jm18.0_slice_loss\JM\ldecod\Debug_Win32_vc10\context_ini.obj
H:\VSDEstimation\SynthDisEstLoss\verification\jm18.0_slice_loss\JM\ldecod\Debug_Win32_vc10\context_ini.sbr
H:\VSDEstimation\SynthDisEstLoss\verification\jm18.0_slice_loss\JM\ldecod\Debug_Win32_vc10\decoder_test.obj
H:\VSDEstimation\SynthDisEstLoss\verification\jm18.0_slice_loss\JM\ldecod\Debug_Win32_vc10\decoder_test.sbr
H:\VSDEstimation\SynthDisEstLoss\verification\jm18.0_slice_loss\JM\ldecod\Debug_Win32_vc10\erc_api.obj
H:\VSDEstimation\SynthDisEstLoss\verification\jm18.0_slice_loss\JM\ldecod\Debug_Win32_vc10\erc_api.sbr
H:\VSDEstimation\SynthDisEstLoss\verification\jm18.0_slice_loss\JM\ldecod\Debug_Win32_vc10\erc_do_i.obj
H:\VSDEstimation\SynthDisEstLoss\verification\jm18.0_slice_loss\JM\ldecod\Debug_Win32_vc10\erc_do_i.sbr
H:\VSDEstimation\SynthDisEstLoss\verification\jm18.0_slice_loss\JM\ldecod\Debug_Win32_vc10\erc_do_p.obj
H:\VSDEstimation\SynthDisEstLoss\verification\jm18.0_slice_loss\JM\ldecod\Debug_Win32_vc10\erc_do_p.sbr
H:\VSDEstimation\SynthDisEstLoss\verification\jm18.0_slice_loss\JM\ldecod\Debug_Win32_vc10\errorconcealment.obj
H:\VSDEstimation\SynthDisEstLoss\verification\jm18.0_slice_loss\JM\ldecod\Debug_Win32_vc10\errorconcealment.sbr
H:\VSDEstimation\SynthDisEstLoss\verification\jm18.0_slice_loss\JM\ldecod\Debug_Win32_vc10\filehandle.obj
H:\VSDEstimation\SynthDisEstLoss\verification\jm18.0_slice_loss\JM\ldecod\Debug_Win32_vc10\filehandle.sbr
H:\VSDEstimation\SynthDisEstLoss\verification\jm18.0_slice_loss\JM\ldecod\Debug_Win32_vc10\fmo.obj
H:\VSDEstimation\SynthDisEstLoss\verification\jm18.0_slice_loss\JM\ldecod\Debug_Win32_vc10\fmo.sbr
H:\VSDEstimation\SynthDisEstLoss\verification\jm18.0_slice_loss\JM\ldecod\Debug_Win32_vc10\header.obj
H:\VSDEstimation\SynthDisEstLoss\verification\jm18.0_slice_loss\JM\ldecod\Debug_Win32_vc10\header.sbr
H:\VSDEstimation\SynthDisEstLoss\verification\jm18.0_slice_loss\JM\ldecod\Debug_Win32_vc10\image.obj
H:\VSDEstimation\SynthDisEstLoss\verification\jm18.0_slice_loss\JM\ldecod\Debug_Win32_vc10\image.sbr
H:\VSDEstimation\SynthDisEstLoss\verification\jm18.0_slice_loss\JM\ldecod\Debug_Win32_vc10\img_io.obj
H:\VSDEstimation\SynthDisEstLoss\verification\jm18.0_slice_loss\JM\ldecod\Debug_Win32_vc10\img_io.sbr
H:\VSDEstimation\SynthDisEstLoss\verification\jm18.0_slice_loss\JM\ldecod\Debug_Win32_vc10\img_process.obj
H:\VSDEstimation\SynthDisEstLoss\verification\jm18.0_slice_loss\JM\ldecod\Debug_Win32_vc10\img_process.sbr
H:\VSDEstimation\SynthDisEstLoss\verification\jm18.0_slice_loss\JM\ldecod\Debug_Win32_vc10\input.obj
H:\VSDEstimation\SynthDisEstLoss\verification\jm18.0_slice_loss\JM\ldecod\Debug_Win32_vc10\input.sbr
H:\VSDEstimation\SynthDisEstLoss\verification\jm18.0_slice_loss\JM\ldecod\Debug_Win32_vc10\intra_chroma_pred.obj
H:\VSDEstimation\SynthDisEstLoss\verification\jm18.0_slice_loss\JM\ldecod\Debug_Win32_vc10\intra_chroma_pred.sbr
H:\VSDEstimation\SynthDisEstLoss\verification\jm18.0_slice_loss\JM\ldecod\Debug_Win32_vc10\intra_chroma_pred_mbaff.obj
H:\VSDEstimation\SynthDisEstLoss\verification\jm18.0_slice_loss\JM\ldecod\Debug_Win32_vc10\intra_chroma_pred_mbaff.sbr
H:\VSDEstimation\SynthDisEstLoss\verification\jm18.0_slice_loss\JM\ldecod\Debug_Win32_vc10\intra_pred_common.obj
H:\VSDEstimation\SynthDisEstLoss\verification\jm18.0_slice_loss\JM\ldecod\Debug_Win32_vc10\intra_pred_common.sbr
H:\VSDEstimation\SynthDisEstLoss\verification\jm18.0_slice_loss\JM\ldecod\Debug_Win32_vc10\intra16x16_pred.obj
H:\VSDEstimation\SynthDisEstLoss\verification\jm18.0_slice_loss\JM\ldecod\Debug_Win32_vc10\intra16x16_pred.sbr
H:\VSDEstimation\SynthDisEstLoss\verification\jm18.0_slice_loss\JM\ldecod\Debug_Win32_vc10\intra16x16_pred_mbaff.obj
H:\VSDEstimation\SynthDisEstLoss\verification\jm18.0_slice_loss\JM\ldecod\Debug_Win32_vc10\intra16x16_pred_mbaff.sbr
H:\VSDEstimation\SynthDisEstLoss\verification\jm18.0_slice_loss\JM\ldecod\Debug_Win32_vc10\intra16x16_pred_normal.obj
H:\VSDEstimation\SynthDisEstLoss\verification\jm18.0_slice_loss\JM\ldecod\Debug_Win32_vc10\intra16x16_pred_normal.sbr
H:\VSDEstimation\SynthDisEstLoss\verification\jm18.0_slice_loss\JM\ldecod\Debug_Win32_vc10\intra4x4_pred.obj
H:\VSDEstimation\SynthDisEstLoss\verification\jm18.0_slice_loss\JM\ldecod\Debug_Win32_vc10\intra4x4_pred.sbr
H:\VSDEstimation\SynthDisEstLoss\verification\jm18.0_slice_loss\JM\ldecod\Debug_Win32_vc10\intra4x4_pred_mbaff.obj
H:\VSDEstimation\SynthDisEstLoss\verification\jm18.0_slice_loss\JM\ldecod\Debug_Win32_vc10\intra4x4_pred_mbaff.sbr
H:\VSDEstimation\SynthDisEstLoss\verification\jm18.0_slice_loss\JM\ldecod\Debug_Win32_vc10\intra4x4_pred_normal.obj
H:\VSDEstimation\SynthDisEstLoss\verification\jm18.0_slice_loss\JM\ldecod\Debug_Win32_vc10\intra4x4_pred_normal.sbr
H:\VSDEstimation\SynthDisEstLoss\verification\jm18.0_slice_loss\JM\ldecod\Debug_Win32_vc10\intra8x8_pred.obj
H:\VSDEstimation\SynthDisEstLoss\verification\jm18.0_slice_loss\JM\ldecod\Debug_Win32_vc10\intra8x8_pred.sbr
H:\VSDEstimation\SynthDisEstLoss\verification\jm18.0_slice_loss\JM\ldecod\Debug_Win32_vc10\intra8x8_pred_mbaff.obj
H:\VSDEstimation\SynthDisEstLoss\verification\jm18.0_slice_loss\JM\ldecod\Debug_Win32_vc10\intra8x8_pred_mbaff.sbr
H:\VSDEstimation\SynthDisEstLoss\verification\jm18.0_slice_loss\JM\ldecod\Debug_Win32_vc10\intra8x8_pred_normal.obj
H:\VSDEstimation\SynthDisEstLoss\verification\jm18.0_slice_loss\JM\ldecod\Debug_Win32_vc10\intra8x8_pred_normal.sbr
H:\VSDEstimation\SynthDisEstLoss\verification\jm18.0_slice_loss\JM\ldecod\Debug_Win32_vc10\io_raw.obj
H:\VSDEstimation\SynthDisEstLoss\verification\jm18.0_slice_loss\JM\ldecod\Debug_Win32_vc10\io_raw.sbr
H:\VSDEstimation\SynthDisEstLoss\verification\jm18.0_slice_loss\JM\ldecod\Debug_Win32_vc10\io_tiff.obj
H:\VSDEstimation\SynthDisEstLoss\verification\jm18.0_slice_loss\JM\ldecod\Debug_Win32_vc10\io_tiff.sbr
H:\VSDEstimation\SynthDisEstLoss\verification\jm18.0_slice_loss\JM\ldecod\Debug_Win32_vc10\ldecod.exe.embed.manifest
H:\VSDESTIMATION\SYNTHDISESTLOSS\VERIFICATION\JM18.0_SLICE_LOSS\JM\LDECOD\DEBUG_WIN32_VC10\LDECOD.EXE.EMBED.MANIFEST.RES
H:\VSDESTIMATION\SYNTHDISESTLOSS\VERIFICATION\JM18.0_SLICE_LOSS\JM\LDECOD\DEBUG_WIN32_VC10\LDECOD.EXE.INTERMEDIATE.MANIFEST
H:\VSDEstimation\SynthDisEstLoss\verification\jm18.0_slice_loss\JM\ldecod\Debug_Win32_vc10\ldecod.obj
H:\VSDESTIMATION\SYNTHDISESTLOSS\VERIFICATION\JM18.0_SLICE_LOSS\JM\LDECOD\DEBUG_WIN32_VC10\LDECOD.PDB
H:\VSDEstimation\SynthDisEstLoss\verification\jm18.0_slice_loss\JM\ldecod\Debug_Win32_vc10\ldecod.sbr
H:\VSDEstimation\SynthDisEstLoss\verification\jm18.0_slice_loss\JM\ldecod\Debug_Win32_vc10\ldecod.write.1.tlog
H:\VSDEstimation\SynthDisEstLoss\verification\jm18.0_slice_loss\JM\ldecod\Debug_Win32_vc10\ldecod_manifest.rc
H:\VSDEstimation\SynthDisEstLoss\verification\jm18.0_slice_loss\JM\ldecod\Debug_Win32_vc10\leaky_bucket.obj
H:\VSDEstimation\SynthDisEstLoss\verification\jm18.0_slice_loss\JM\ldecod\Debug_Win32_vc10\leaky_bucket.sbr
H:\VSDEstimation\SynthDisEstLoss\verification\jm18.0_slice_loss\JM\ldecod\Debug_Win32_vc10\link.command.1.tlog
H:\VSDEstimation\SynthDisEstLoss\verification\jm18.0_slice_loss\JM\ldecod\Debug_Win32_vc10\link.read.1.tlog
H:\VSDEstimation\SynthDisEstLoss\verification\jm18.0_slice_loss\JM\ldecod\Debug_Win32_vc10\link.write.1.tlog
H:\VSDEstimation\SynthDisEstLoss\verification\jm18.0_slice_loss\JM\ldecod\Debug_Win32_vc10\loop_filter_mbaff.obj
H:\VSDEstimation\SynthDisEstLoss\verification\jm18.0_slice_loss\JM\ldecod\Debug_Win32_vc10\loop_filter_mbaff.sbr
H:\VSDEstimation\SynthDisEstLoss\verification\jm18.0_slice_loss\JM\ldecod\Debug_Win32_vc10\loop_filter_normal.obj
H:\VSDEstimation\SynthDisEstLoss\verification\jm18.0_slice_loss\JM\ldecod\Debug_Win32_vc10\loop_filter_normal.sbr
H:\VSDEstimation\SynthDisEstLoss\verification\jm18.0_slice_loss\JM\ldecod\Debug_Win32_vc10\loopFilter.obj
H:\VSDEstimation\SynthDisEstLoss\verification\jm18.0_slice_loss\JM\ldecod\Debug_Win32_vc10\loopFilter.sbr
H:\VSDEstimation\SynthDisEstLoss\verification\jm18.0_slice_loss\JM\ldecod\Debug_Win32_vc10\macroblock.obj
H:\VSDEstimation\SynthDisEstLoss\verification\jm18.0_slice_loss\JM\ldecod\Debug_Win32_vc10\macroblock.sbr
H:\VSDEstimation\SynthDisEstLoss\verification\jm18.0_slice_loss\JM\ldecod\Debug_Win32_vc10\mb_access.obj
H:\VSDEstimation\SynthDisEstLoss\verification\jm18.0_slice_loss\JM\ldecod\Debug_Win32_vc10\mb_access.sbr
H:\VSDEstimation\SynthDisEstLoss\verification\jm18.0_slice_loss\JM\ldecod\Debug_Win32_vc10\mb_prediction.obj
H:\VSDEstimation\SynthDisEstLoss\verification\jm18.0_slice_loss\JM\ldecod\Debug_Win32_vc10\mb_prediction.sbr
H:\VSDEstimation\SynthDisEstLoss\verification\jm18.0_slice_loss\JM\ldecod\Debug_Win32_vc10\mb_read.obj
H:\VSDEstimation\SynthDisEstLoss\verification\jm18.0_slice_loss\JM\ldecod\Debug_Win32_vc10\mb_read.sbr
H:\VSDEstimation\SynthDisEstLoss\verification\jm18.0_slice_loss\JM\ldecod\Debug_Win32_vc10\mbuffer.obj
H:\VSDEstimation\SynthDisEstLoss\verification\jm18.0_slice_loss\JM\ldecod\Debug_Win32_vc10\mbuffer.sbr
H:\VSDEstimation\SynthDisEstLoss\verification\jm18.0_slice_loss\JM\ldecod\Debug_Win32_vc10\mbuffer_mvc.obj
H:\VSDEstimation\SynthDisEstLoss\verification\jm18.0_slice_loss\JM\ldecod\Debug_Win32_vc10\mbuffer_mvc.sbr
H:\VSDEstimation\SynthDisEstLoss\verification\jm18.0_slice_loss\JM\ldecod\Debug_Win32_vc10\mc_direct.obj
H:\VSDEstimation\SynthDisEstLoss\verification\jm18.0_slice_loss\JM\ldecod\Debug_Win32_vc10\mc_direct.sbr
H:\VSDEstimation\SynthDisEstLoss\verification\jm18.0_slice_loss\JM\ldecod\Debug_Win32_vc10\mc_prediction.obj
H:\VSDEstimation\SynthDisEstLoss\verification\jm18.0_slice_loss\JM\ldecod\Debug_Win32_vc10\mc_prediction.sbr
H:\VSDEstimation\SynthDisEstLoss\verification\jm18.0_slice_loss\JM\ldecod\Debug_Win32_vc10\memalloc.obj
H:\VSDEstimation\SynthDisEstLoss\verification\jm18.0_slice_loss\JM\ldecod\Debug_Win32_vc10\memalloc.sbr
H:\VSDEstimation\SynthDisEstLoss\verification\jm18.0_slice_loss\JM\ldecod\Debug_Win32_vc10\mt.command.1.tlog
H:\VSDEstimation\SynthDisEstLoss\verification\jm18.0_slice_loss\JM\ldecod\Debug_Win32_vc10\mt.read.1.tlog
H:\VSDEstimation\SynthDisEstLoss\verification\jm18.0_slice_loss\JM\ldecod\Debug_Win32_vc10\mt.write.1.tlog
H:\VSDEstimation\SynthDisEstLoss\verification\jm18.0_slice_loss\JM\ldecod\Debug_Win32_vc10\mv_prediction.obj
H:\VSDEstimation\SynthDisEstLoss\verification\jm18.0_slice_loss\JM\ldecod\Debug_Win32_vc10\mv_prediction.sbr
H:\VSDEstimation\SynthDisEstLoss\verification\jm18.0_slice_loss\JM\ldecod\Debug_Win32_vc10\nal.obj
H:\VSDEstimation\SynthDisEstLoss\verification\jm18.0_slice_loss\JM\ldecod\Debug_Win32_vc10\nal.sbr
H:\VSDEstimation\SynthDisEstLoss\verification\jm18.0_slice_loss\JM\ldecod\Debug_Win32_vc10\nalu.obj
H:\VSDEstimation\SynthDisEstLoss\verification\jm18.0_slice_loss\JM\ldecod\Debug_Win32_vc10\nalu.sbr
H:\VSDEstimation\SynthDisEstLoss\verification\jm18.0_slice_loss\JM\ldecod\Debug_Win32_vc10\nalucommon.obj
H:\VSDEstimation\SynthDisEstLoss\verification\jm18.0_slice_loss\JM\ldecod\Debug_Win32_vc10\nalucommon.sbr
H:\VSDEstimation\SynthDisEstLoss\verification\jm18.0_slice_loss\JM\ldecod\Debug_Win32_vc10\output.obj
H:\VSDEstimation\SynthDisEstLoss\verification\jm18.0_slice_loss\JM\ldecod\Debug_Win32_vc10\output.sbr
H:\VSDEstimation\SynthDisEstLoss\verification\jm18.0_slice_loss\JM\ldecod\Debug_Win32_vc10\parset.obj
H:\VSDEstimation\SynthDisEstLoss\verification\jm18.0_slice_loss\JM\ldecod\Debug_Win32_vc10\parset.sbr
H:\VSDEstimation\SynthDisEstLoss\verification\jm18.0_slice_loss\JM\ldecod\Debug_Win32_vc10\parsetcommon.obj
H:\VSDEstimation\SynthDisEstLoss\verification\jm18.0_slice_loss\JM\ldecod\Debug_Win32_vc10\parsetcommon.sbr
H:\VSDEstimation\SynthDisEstLoss\verification\jm18.0_slice_loss\JM\ldecod\Debug_Win32_vc10\quant.obj
H:\VSDEstimation\SynthDisEstLoss\verification\jm18.0_slice_loss\JM\ldecod\Debug_Win32_vc10\quant.sbr
H:\VSDEstimation\SynthDisEstLoss\verification\jm18.0_slice_loss\JM\ldecod\Debug_Win32_vc10\rc.command.1.tlog
H:\VSDEstimation\SynthDisEstLoss\verification\jm18.0_slice_loss\JM\ldecod\Debug_Win32_vc10\rc.read.1.tlog
H:\VSDEstimation\SynthDisEstLoss\verification\jm18.0_slice_loss\JM\ldecod\Debug_Win32_vc10\rc.write.1.tlog
H:\VSDEstimation\SynthDisEstLoss\verification\jm18.0_slice_loss\JM\ldecod\Debug_Win32_vc10\read_comp_cabac.obj
H:\VSDEstimation\SynthDisEstLoss\verification\jm18.0_slice_loss\JM\ldecod\Debug_Win32_vc10\read_comp_cabac.sbr
H:\VSDEstimation\SynthDisEstLoss\verification\jm18.0_slice_loss\JM\ldecod\Debug_Win32_vc10\read_comp_cavlc.obj
H:\VSDEstimation\SynthDisEstLoss\verification\jm18.0_slice_loss\JM\ldecod\Debug_Win32_vc10\read_comp_cavlc.sbr
H:\VSDEstimation\SynthDisEstLoss\verification\jm18.0_slice_loss\JM\ldecod\Debug_Win32_vc10\rtp.obj
H:\VSDEstimation\SynthDisEstLoss\verification\jm18.0_slice_loss\JM\ldecod\Debug_Win32_vc10\rtp.sbr
H:\VSDEstimation\SynthDisEstLoss\verification\jm18.0_slice_loss\JM\ldecod\Debug_Win32_vc10\sei.obj
H:\VSDEstimation\SynthDisEstLoss\verification\jm18.0_slice_loss\JM\ldecod\Debug_Win32_vc10\sei.sbr
H:\VSDEstimation\SynthDisEstLoss\verification\jm18.0_slice_loss\JM\ldecod\Debug_Win32_vc10\transform.obj
H:\VSDEstimation\SynthDisEstLoss\verification\jm18.0_slice_loss\JM\ldecod\Debug_Win32_vc10\transform.sbr
H:\VSDEstimation\SynthDisEstLoss\verification\jm18.0_slice_loss\JM\ldecod\Debug_Win32_vc10\transform8x8.obj
H:\VSDEstimation\SynthDisEstLoss\verification\jm18.0_slice_loss\JM\ldecod\Debug_Win32_vc10\transform8x8.sbr
H:\VSDEstimation\SynthDisEstLoss\verification\jm18.0_slice_loss\JM\ldecod\Debug_Win32_vc10\vc100.idb
H:\VSDESTIMATION\SYNTHDISESTLOSS\VERIFICATION\JM18.0_SLICE_LOSS\JM\LDECOD\DEBUG_WIN32_VC10\VC100.PDB
H:\VSDEstimation\SynthDisEstLoss\verification\jm18.0_slice_loss\JM\ldecod\Debug_Win32_vc10\vlc.obj
H:\VSDEstimation\SynthDisEstLoss\verification\jm18.0_slice_loss\JM\ldecod\Debug_Win32_vc10\vlc.sbr
H:\VSDEstimation\SynthDisEstLoss\verification\jm18.0_slice_loss\JM\ldecod\Debug_Win32_vc10\win32.obj
H:\VSDEstimation\SynthDisEstLoss\verification\jm18.0_slice_loss\JM\ldecod\Debug_Win32_vc10\win32.sbr
