..\bin\rtp_loss.pdb
H:\VSDESTIMATION\SYNTHDISESTLOSS\VERIFICATION\JM18.0_SLICE_LOSS\JM\BIN\RTP_LOSS.EXE
H:\VSDESTIMATION\SYNTHDISESTLOSS\VERIFICATION\JM18.0_SLICE_LOSS\JM\BIN\RTP_LOSS.PDB
H:\VSDEstimation\SynthDisEstLoss\verification\jm18.0_slice_loss\JM\rtp_loss\..\bin\rtp_loss.exe
H:\VSDEstimation\SynthDisEstLoss\verification\jm18.0_slice_loss\JM\rtp_loss\Debug_Win32_vc10\cl.command.1.tlog
H:\VSDEstimation\SynthDisEstLoss\verification\jm18.0_slice_loss\JM\rtp_loss\Debug_Win32_vc10\CL.read.1.tlog
H:\VSDEstimation\SynthDisEstLoss\verification\jm18.0_slice_loss\JM\rtp_loss\Debug_Win32_vc10\CL.write.1.tlog
H:\VSDEstimation\SynthDisEstLoss\verification\jm18.0_slice_loss\JM\rtp_loss\Debug_Win32_vc10\link.command.1.tlog
H:\VSDEstimation\SynthDisEstLoss\verification\jm18.0_slice_loss\JM\rtp_loss\Debug_Win32_vc10\link.read.1.tlog
H:\VSDEstimation\SynthDisEstLoss\verification\jm18.0_slice_loss\JM\rtp_loss\Debug_Win32_vc10\link.write.1.tlog
H:\VSDEstimation\SynthDisEstLoss\verification\jm18.0_slice_loss\JM\rtp_loss\Debug_Win32_vc10\mt.command.1.tlog
H:\VSDEstimation\SynthDisEstLoss\verification\jm18.0_slice_loss\JM\rtp_loss\Debug_Win32_vc10\mt.read.1.tlog
H:\VSDEstimation\SynthDisEstLoss\verification\jm18.0_slice_loss\JM\rtp_loss\Debug_Win32_vc10\mt.write.1.tlog
H:\VSDEstimation\SynthDisEstLoss\verification\jm18.0_slice_loss\JM\rtp_loss\Debug_Win32_vc10\rc.command.1.tlog
H:\VSDEstimation\SynthDisEstLoss\verification\jm18.0_slice_loss\JM\rtp_loss\Debug_Win32_vc10\rc.read.1.tlog
H:\VSDEstimation\SynthDisEstLoss\verification\jm18.0_slice_loss\JM\rtp_loss\Debug_Win32_vc10\rc.write.1.tlog
H:\VSDEstimation\SynthDisEstLoss\verification\jm18.0_slice_loss\JM\rtp_loss\Debug_Win32_vc10\rtp_loss.exe.embed.manifest
H:\VSDESTIMATION\SYNTHDISESTLOSS\VERIFICATION\JM18.0_SLICE_LOSS\JM\RTP_LOSS\DEBUG_WIN32_VC10\RTP_LOSS.EXE.EMBED.MANIFEST.RES
H:\VSDESTIMATION\SYNTHDISESTLOSS\VERIFICATION\JM18.0_SLICE_LOSS\JM\RTP_LOSS\DEBUG_WIN32_VC10\RTP_LOSS.EXE.INTERMEDIATE.MANIFEST
H:\VSDESTIMATION\SYNTHDISESTLOSS\VERIFICATION\JM18.0_SLICE_LOSS\JM\RTP_LOSS\DEBUG_WIN32_VC10\RTP_LOSS.OBJ
H:\VSDEstimation\SynthDisEstLoss\verification\jm18.0_slice_loss\JM\rtp_loss\Debug_Win32_vc10\rtp_loss.write.1.tlog
H:\VSDEstimation\SynthDisEstLoss\verification\jm18.0_slice_loss\JM\rtp_loss\Debug_Win32_vc10\rtp_loss_manifest.rc
H:\VSDEstimation\SynthDisEstLoss\verification\jm18.0_slice_loss\JM\rtp_loss\Debug_Win32_vc10\vc100.idb
H:\VSDESTIMATION\SYNTHDISESTLOSS\VERIFICATION\JM18.0_SLICE_LOSS\JM\RTP_LOSS\DEBUG_WIN32_VC10\VC100.PDB
