..\bin\rtpdump.pdb
H:\VSDESTIMATION\SYNTHDISESTLOSS\VERIFICATION\JM18.0_SLICE_LOSS\JM\BIN\RTPDUMP.EXE
H:\VSDESTIMATION\SYNTHDISESTLOSS\VERIFICATION\JM18.0_SLICE_LOSS\JM\BIN\RTPDUMP.PDB
H:\VSDEstimation\SynthDisEstLoss\verification\jm18.0_slice_loss\JM\rtpdump\..\bin\rtpdump.exe
H:\VSDEstimation\SynthDisEstLoss\verification\jm18.0_slice_loss\JM\rtpdump\Debug_Win32_vc10\cl.command.1.tlog
H:\VSDEstimation\SynthDisEstLoss\verification\jm18.0_slice_loss\JM\rtpdump\Debug_Win32_vc10\CL.read.1.tlog
H:\VSDEstimation\SynthDisEstLoss\verification\jm18.0_slice_loss\JM\rtpdump\Debug_Win32_vc10\CL.write.1.tlog
H:\VSDEstimation\SynthDisEstLoss\verification\jm18.0_slice_loss\JM\rtpdump\Debug_Win32_vc10\link.command.1.tlog
H:\VSDEstimation\SynthDisEstLoss\verification\jm18.0_slice_loss\JM\rtpdump\Debug_Win32_vc10\link.read.1.tlog
H:\VSDEstimation\SynthDisEstLoss\verification\jm18.0_slice_loss\JM\rtpdump\Debug_Win32_vc10\link.write.1.tlog
H:\VSDEstimation\SynthDisEstLoss\verification\jm18.0_slice_loss\JM\rtpdump\Debug_Win32_vc10\mt.command.1.tlog
H:\VSDEstimation\SynthDisEstLoss\verification\jm18.0_slice_loss\JM\rtpdump\Debug_Win32_vc10\mt.read.1.tlog
H:\VSDEstimation\SynthDisEstLoss\verification\jm18.0_slice_loss\JM\rtpdump\Debug_Win32_vc10\mt.write.1.tlog
H:\VSDEstimation\SynthDisEstLoss\verification\jm18.0_slice_loss\JM\rtpdump\Debug_Win32_vc10\rc.command.1.tlog
H:\VSDEstimation\SynthDisEstLoss\verification\jm18.0_slice_loss\JM\rtpdump\Debug_Win32_vc10\rc.read.1.tlog
H:\VSDEstimation\SynthDisEstLoss\verification\jm18.0_slice_loss\JM\rtpdump\Debug_Win32_vc10\rc.write.1.tlog
H:\VSDEstimation\SynthDisEstLoss\verification\jm18.0_slice_loss\JM\rtpdump\Debug_Win32_vc10\rtpdump.exe.embed.manifest
H:\VSDESTIMATION\SYNTHDISESTLOSS\VERIFICATION\JM18.0_SLICE_LOSS\JM\RTPDUMP\DEBUG_WIN32_VC10\RTPDUMP.EXE.EMBED.MANIFEST.RES
H:\VSDESTIMATION\SYNTHDISESTLOSS\VERIFICATION\JM18.0_SLICE_LOSS\JM\RTPDUMP\DEBUG_WIN32_VC10\RTPDUMP.EXE.INTERMEDIATE.MANIFEST
H:\VSDESTIMATION\SYNTHDISESTLOSS\VERIFICATION\JM18.0_SLICE_LOSS\JM\RTPDUMP\DEBUG_WIN32_VC10\RTPDUMP.OBJ
H:\VSDEstimation\SynthDisEstLoss\verification\jm18.0_slice_loss\JM\rtpdump\Debug_Win32_vc10\rtpdump.write.1.tlog
H:\VSDEstimation\SynthDisEstLoss\verification\jm18.0_slice_loss\JM\rtpdump\Debug_Win32_vc10\rtpdump_manifest.rc
H:\VSDEstimation\SynthDisEstLoss\verification\jm18.0_slice_loss\JM\rtpdump\Debug_Win32_vc10\vc100.idb
H:\VSDESTIMATION\SYNTHDISESTLOSS\VERIFICATION\JM18.0_SLICE_LOSS\JM\RTPDUMP\DEBUG_WIN32_VC10\VC100.PDB
